2024-08-12T01:31:18.050+05:30  INFO 4655 --- [11-spring-jpa-bank-application] [restartedMain] com.techlabs.app.Application             : Starting Application using Java 21.0.3 with PID 4655 (/Users/abhijain/SpringCore/11-spring-jpa-bank-application/target/classes started by abhijain in /Users/abhijain/SpringCore/11-spring-jpa-bank-application)
2024-08-12T01:31:18.066+05:30  INFO 4655 --- [11-spring-jpa-bank-application] [restartedMain] com.techlabs.app.Application             : No active profile set, falling back to 1 default profile: "default"
2024-08-12T01:31:18.092+05:30  INFO 4655 --- [11-spring-jpa-bank-application] [restartedMain] .e.DevToolsPropertyDefaultsPostProcessor : Devtools property defaults active! Set 'spring.devtools.add-properties' to 'false' to disable
2024-08-12T01:31:18.092+05:30  INFO 4655 --- [11-spring-jpa-bank-application] [restartedMain] .e.DevToolsPropertyDefaultsPostProcessor : For additional web related logging consider setting the 'logging.level.web' property to 'DEBUG'
2024-08-12T01:31:18.491+05:30  INFO 4655 --- [11-spring-jpa-bank-application] [restartedMain] .s.d.r.c.RepositoryConfigurationDelegate : Bootstrapping Spring Data JPA repositories in DEFAULT mode.
2024-08-12T01:31:18.534+05:30  INFO 4655 --- [11-spring-jpa-bank-application] [restartedMain] .s.d.r.c.RepositoryConfigurationDelegate : Finished Spring Data repository scanning in 38 ms. Found 7 JPA repository interfaces.
2024-08-12T01:31:18.832+05:30  INFO 4655 --- [11-spring-jpa-bank-application] [restartedMain] o.s.b.w.embedded.tomcat.TomcatWebServer  : Tomcat initialized with port 8080 (http)
2024-08-12T01:31:18.839+05:30  INFO 4655 --- [11-spring-jpa-bank-application] [restartedMain] o.apache.catalina.core.StandardService   : Starting service [Tomcat]
2024-08-12T01:31:18.839+05:30  INFO 4655 --- [11-spring-jpa-bank-application] [restartedMain] o.apache.catalina.core.StandardEngine    : Starting Servlet engine: [Apache Tomcat/10.1.26]
2024-08-12T01:31:18.860+05:30  INFO 4655 --- [11-spring-jpa-bank-application] [restartedMain] o.a.c.c.C.[Tomcat].[localhost].[/]       : Initializing Spring embedded WebApplicationContext
2024-08-12T01:31:18.861+05:30  INFO 4655 --- [11-spring-jpa-bank-application] [restartedMain] w.s.c.ServletWebServerApplicationContext : Root WebApplicationContext: initialization completed in 769 ms
2024-08-12T01:31:18.931+05:30  INFO 4655 --- [11-spring-jpa-bank-application] [restartedMain] o.hibernate.jpa.internal.util.LogHelper  : HHH000204: Processing PersistenceUnitInfo [name: default]
2024-08-12T01:31:18.963+05:30  INFO 4655 --- [11-spring-jpa-bank-application] [restartedMain] org.hibernate.Version                    : HHH000412: Hibernate ORM core version 6.5.2.Final
2024-08-12T01:31:18.979+05:30  INFO 4655 --- [11-spring-jpa-bank-application] [restartedMain] o.h.c.internal.RegionFactoryInitiator    : HHH000026: Second-level cache disabled
2024-08-12T01:31:19.106+05:30  INFO 4655 --- [11-spring-jpa-bank-application] [restartedMain] o.s.o.j.p.SpringPersistenceUnitInfo      : No LoadTimeWeaver setup: ignoring JPA class transformer
2024-08-12T01:31:19.118+05:30  INFO 4655 --- [11-spring-jpa-bank-application] [restartedMain] com.zaxxer.hikari.HikariDataSource       : HikariPool-1 - Starting...
2024-08-12T01:31:19.331+05:30  INFO 4655 --- [11-spring-jpa-bank-application] [restartedMain] com.zaxxer.hikari.pool.HikariPool        : HikariPool-1 - Added connection com.mysql.cj.jdbc.ConnectionImpl@363681a3
2024-08-12T01:31:19.332+05:30  INFO 4655 --- [11-spring-jpa-bank-application] [restartedMain] com.zaxxer.hikari.HikariDataSource       : HikariPool-1 - Start completed.
2024-08-12T01:31:19.868+05:30  INFO 4655 --- [11-spring-jpa-bank-application] [restartedMain] o.h.e.t.j.p.i.JtaPlatformInitiator       : HHH000489: No JTA platform available (set 'hibernate.transaction.jta.platform' to enable JTA platform integration)
2024-08-12T01:31:19.949+05:30  INFO 4655 --- [11-spring-jpa-bank-application] [restartedMain] j.LocalContainerEntityManagerFactoryBean : Initialized JPA EntityManagerFactory for persistence unit 'default'
2024-08-12T01:31:20.123+05:30  INFO 4655 --- [11-spring-jpa-bank-application] [restartedMain] o.s.d.j.r.query.QueryEnhancerFactory     : Hibernate is in classpath; If applicable, HQL parser will be used.
2024-08-12T01:31:20.467+05:30  INFO 4655 --- [11-spring-jpa-bank-application] [restartedMain] r$InitializeUserDetailsManagerConfigurer : Global AuthenticationManager configured with UserDetailsService bean with name customUserDetailsService
2024-08-12T01:31:20.531+05:30  WARN 4655 --- [11-spring-jpa-bank-application] [restartedMain] JpaBaseConfiguration$JpaWebConfiguration : spring.jpa.open-in-view is enabled by default. Therefore, database queries may be performed during view rendering. Explicitly configure spring.jpa.open-in-view to disable this warning
2024-08-12T01:31:21.238+05:30  WARN 4655 --- [11-spring-jpa-bank-application] [restartedMain] o.s.s.c.a.web.builders.WebSecurity       : You are asking Spring Security to ignore Deferred [Mvc [pattern='/swagger-ui/**'], Ant [pattern='/swagger-ui/**']]. This is not recommended -- please use permitAll via HttpSecurity#authorizeHttpRequests instead.
2024-08-12T01:31:21.238+05:30  WARN 4655 --- [11-spring-jpa-bank-application] [restartedMain] o.s.s.c.a.web.builders.WebSecurity       : You are asking Spring Security to ignore Deferred [Mvc [pattern='/v3/api-docs/**'], Ant [pattern='/v3/api-docs/**']]. This is not recommended -- please use permitAll via HttpSecurity#authorizeHttpRequests instead.
2024-08-12T01:31:21.255+05:30  WARN 4655 --- [11-spring-jpa-bank-application] [restartedMain] o.s.b.d.a.OptionalLiveReloadServer       : Unable to start LiveReload server
2024-08-12T01:31:21.267+05:30  WARN 4655 --- [11-spring-jpa-bank-application] [restartedMain] ConfigServletWebServerApplicationContext : Exception encountered during context initialization - cancelling refresh attempt: org.springframework.context.ApplicationContextException: Failed to start bean 'webServerStartStop'
2024-08-12T01:31:21.269+05:30  INFO 4655 --- [11-spring-jpa-bank-application] [restartedMain] j.LocalContainerEntityManagerFactoryBean : Closing JPA EntityManagerFactory for persistence unit 'default'
2024-08-12T01:31:21.270+05:30  INFO 4655 --- [11-spring-jpa-bank-application] [restartedMain] com.zaxxer.hikari.HikariDataSource       : HikariPool-1 - Shutdown initiated...
2024-08-12T01:31:21.273+05:30  INFO 4655 --- [11-spring-jpa-bank-application] [restartedMain] com.zaxxer.hikari.HikariDataSource       : HikariPool-1 - Shutdown completed.
2024-08-12T01:31:21.281+05:30  INFO 4655 --- [11-spring-jpa-bank-application] [restartedMain] .s.b.a.l.ConditionEvaluationReportLogger : 

Error starting ApplicationContext. To display the condition evaluation report re-run your application with 'debug' enabled.
2024-08-12T01:31:21.289+05:30 ERROR 4655 --- [11-spring-jpa-bank-application] [restartedMain] o.s.b.d.LoggingFailureAnalysisReporter   : 

***************************
APPLICATION FAILED TO START
***************************

Description:

Web server failed to start. Port 8080 was already in use.

Action:

Identify and stop the process that's listening on port 8080 or configure this application to listen on another port.

2024-08-12T01:31:31.203+05:30  INFO 4660 --- [11-spring-jpa-bank-application] [restartedMain] com.techlabs.app.Application             : Starting Application using Java 21.0.3 with PID 4660 (/Users/abhijain/SpringCore/11-spring-jpa-bank-application/target/classes started by abhijain in /Users/abhijain/SpringCore/11-spring-jpa-bank-application)
2024-08-12T01:31:31.208+05:30  INFO 4660 --- [11-spring-jpa-bank-application] [restartedMain] com.techlabs.app.Application             : No active profile set, falling back to 1 default profile: "default"
2024-08-12T01:31:31.229+05:30  INFO 4660 --- [11-spring-jpa-bank-application] [restartedMain] .e.DevToolsPropertyDefaultsPostProcessor : Devtools property defaults active! Set 'spring.devtools.add-properties' to 'false' to disable
2024-08-12T01:31:31.229+05:30  INFO 4660 --- [11-spring-jpa-bank-application] [restartedMain] .e.DevToolsPropertyDefaultsPostProcessor : For additional web related logging consider setting the 'logging.level.web' property to 'DEBUG'
2024-08-12T01:31:31.597+05:30  INFO 4660 --- [11-spring-jpa-bank-application] [restartedMain] .s.d.r.c.RepositoryConfigurationDelegate : Bootstrapping Spring Data JPA repositories in DEFAULT mode.
2024-08-12T01:31:31.638+05:30  INFO 4660 --- [11-spring-jpa-bank-application] [restartedMain] .s.d.r.c.RepositoryConfigurationDelegate : Finished Spring Data repository scanning in 36 ms. Found 7 JPA repository interfaces.
2024-08-12T01:31:31.913+05:30  INFO 4660 --- [11-spring-jpa-bank-application] [restartedMain] o.s.b.w.embedded.tomcat.TomcatWebServer  : Tomcat initialized with port 8080 (http)
2024-08-12T01:31:31.921+05:30  INFO 4660 --- [11-spring-jpa-bank-application] [restartedMain] o.apache.catalina.core.StandardService   : Starting service [Tomcat]
2024-08-12T01:31:31.922+05:30  INFO 4660 --- [11-spring-jpa-bank-application] [restartedMain] o.apache.catalina.core.StandardEngine    : Starting Servlet engine: [Apache Tomcat/10.1.26]
2024-08-12T01:31:31.945+05:30  INFO 4660 --- [11-spring-jpa-bank-application] [restartedMain] o.a.c.c.C.[Tomcat].[localhost].[/]       : Initializing Spring embedded WebApplicationContext
2024-08-12T01:31:31.946+05:30  INFO 4660 --- [11-spring-jpa-bank-application] [restartedMain] w.s.c.ServletWebServerApplicationContext : Root WebApplicationContext: initialization completed in 716 ms
2024-08-12T01:31:32.013+05:30  INFO 4660 --- [11-spring-jpa-bank-application] [restartedMain] o.hibernate.jpa.internal.util.LogHelper  : HHH000204: Processing PersistenceUnitInfo [name: default]
2024-08-12T01:31:32.034+05:30  INFO 4660 --- [11-spring-jpa-bank-application] [restartedMain] org.hibernate.Version                    : HHH000412: Hibernate ORM core version 6.5.2.Final
2024-08-12T01:31:32.047+05:30  INFO 4660 --- [11-spring-jpa-bank-application] [restartedMain] o.h.c.internal.RegionFactoryInitiator    : HHH000026: Second-level cache disabled
2024-08-12T01:31:32.167+05:30  INFO 4660 --- [11-spring-jpa-bank-application] [restartedMain] o.s.o.j.p.SpringPersistenceUnitInfo      : No LoadTimeWeaver setup: ignoring JPA class transformer
2024-08-12T01:31:32.179+05:30  INFO 4660 --- [11-spring-jpa-bank-application] [restartedMain] com.zaxxer.hikari.HikariDataSource       : HikariPool-1 - Starting...
2024-08-12T01:31:32.378+05:30  INFO 4660 --- [11-spring-jpa-bank-application] [restartedMain] com.zaxxer.hikari.pool.HikariPool        : HikariPool-1 - Added connection com.mysql.cj.jdbc.ConnectionImpl@23a07dd8
2024-08-12T01:31:32.379+05:30  INFO 4660 --- [11-spring-jpa-bank-application] [restartedMain] com.zaxxer.hikari.HikariDataSource       : HikariPool-1 - Start completed.
2024-08-12T01:31:32.890+05:30  INFO 4660 --- [11-spring-jpa-bank-application] [restartedMain] o.h.e.t.j.p.i.JtaPlatformInitiator       : HHH000489: No JTA platform available (set 'hibernate.transaction.jta.platform' to enable JTA platform integration)
2024-08-12T01:31:32.969+05:30  INFO 4660 --- [11-spring-jpa-bank-application] [restartedMain] j.LocalContainerEntityManagerFactoryBean : Initialized JPA EntityManagerFactory for persistence unit 'default'
2024-08-12T01:31:33.138+05:30  INFO 4660 --- [11-spring-jpa-bank-application] [restartedMain] o.s.d.j.r.query.QueryEnhancerFactory     : Hibernate is in classpath; If applicable, HQL parser will be used.
2024-08-12T01:31:33.422+05:30  INFO 4660 --- [11-spring-jpa-bank-application] [restartedMain] r$InitializeUserDetailsManagerConfigurer : Global AuthenticationManager configured with UserDetailsService bean with name customUserDetailsService
2024-08-12T01:31:33.479+05:30  WARN 4660 --- [11-spring-jpa-bank-application] [restartedMain] JpaBaseConfiguration$JpaWebConfiguration : spring.jpa.open-in-view is enabled by default. Therefore, database queries may be performed during view rendering. Explicitly configure spring.jpa.open-in-view to disable this warning
2024-08-12T01:31:34.273+05:30  WARN 4660 --- [11-spring-jpa-bank-application] [restartedMain] o.s.s.c.a.web.builders.WebSecurity       : You are asking Spring Security to ignore Deferred [Mvc [pattern='/swagger-ui/**'], Ant [pattern='/swagger-ui/**']]. This is not recommended -- please use permitAll via HttpSecurity#authorizeHttpRequests instead.
2024-08-12T01:31:34.273+05:30  WARN 4660 --- [11-spring-jpa-bank-application] [restartedMain] o.s.s.c.a.web.builders.WebSecurity       : You are asking Spring Security to ignore Deferred [Mvc [pattern='/v3/api-docs/**'], Ant [pattern='/v3/api-docs/**']]. This is not recommended -- please use permitAll via HttpSecurity#authorizeHttpRequests instead.
2024-08-12T01:31:34.291+05:30  INFO 4660 --- [11-spring-jpa-bank-application] [restartedMain] o.s.b.d.a.OptionalLiveReloadServer       : LiveReload server is running on port 35729
2024-08-12T01:31:34.307+05:30  INFO 4660 --- [11-spring-jpa-bank-application] [restartedMain] o.s.b.w.embedded.tomcat.TomcatWebServer  : Tomcat started on port 8080 (http) with context path '/'
2024-08-12T01:31:34.313+05:30  INFO 4660 --- [11-spring-jpa-bank-application] [restartedMain] com.techlabs.app.Application             : Started Application in 3.303 seconds (process running for 3.556)
2024-08-12T01:31:37.303+05:30  INFO 4660 --- [11-spring-jpa-bank-application] [http-nio-8080-exec-1] o.a.c.c.C.[Tomcat].[localhost].[/]       : Initializing Spring DispatcherServlet 'dispatcherServlet'
2024-08-12T01:31:37.303+05:30  INFO 4660 --- [11-spring-jpa-bank-application] [http-nio-8080-exec-1] o.s.web.servlet.DispatcherServlet        : Initializing Servlet 'dispatcherServlet'
2024-08-12T01:31:37.306+05:30  INFO 4660 --- [11-spring-jpa-bank-application] [http-nio-8080-exec-1] o.s.web.servlet.DispatcherServlet        : Completed initialization in 3 ms
2024-08-12T01:31:38.071+05:30  INFO 4660 --- [11-spring-jpa-bank-application] [http-nio-8080-exec-4] o.springdoc.api.AbstractOpenApiResource  : Init duration for springdoc-openapi is: 287 ms
2024-08-12T01:31:46.084+05:30  INFO 4660 --- [11-spring-jpa-bank-application] [SpringApplicationShutdownHook] j.LocalContainerEntityManagerFactoryBean : Closing JPA EntityManagerFactory for persistence unit 'default'
2024-08-12T01:31:46.087+05:30  INFO 4660 --- [11-spring-jpa-bank-application] [SpringApplicationShutdownHook] com.zaxxer.hikari.HikariDataSource       : HikariPool-1 - Shutdown initiated...
2024-08-12T01:31:46.091+05:30  INFO 4660 --- [11-spring-jpa-bank-application] [SpringApplicationShutdownHook] com.zaxxer.hikari.HikariDataSource       : HikariPool-1 - Shutdown completed.
2024-08-12T01:34:27.011+05:30  INFO 4775 --- [11-spring-jpa-bank-application] [restartedMain] com.techlabs.app.Application             : Starting Application using Java 21.0.3 with PID 4775 (/Users/abhijain/SpringCore/11-spring-jpa-bank-application/target/classes started by abhijain in /Users/abhijain/SpringCore/11-spring-jpa-bank-application)
2024-08-12T01:34:27.015+05:30  INFO 4775 --- [11-spring-jpa-bank-application] [restartedMain] com.techlabs.app.Application             : No active profile set, falling back to 1 default profile: "default"
2024-08-12T01:34:27.040+05:30  INFO 4775 --- [11-spring-jpa-bank-application] [restartedMain] .e.DevToolsPropertyDefaultsPostProcessor : Devtools property defaults active! Set 'spring.devtools.add-properties' to 'false' to disable
2024-08-12T01:34:27.040+05:30  INFO 4775 --- [11-spring-jpa-bank-application] [restartedMain] .e.DevToolsPropertyDefaultsPostProcessor : For additional web related logging consider setting the 'logging.level.web' property to 'DEBUG'
2024-08-12T01:34:27.451+05:30  INFO 4775 --- [11-spring-jpa-bank-application] [restartedMain] .s.d.r.c.RepositoryConfigurationDelegate : Bootstrapping Spring Data JPA repositories in DEFAULT mode.
2024-08-12T01:34:27.495+05:30  INFO 4775 --- [11-spring-jpa-bank-application] [restartedMain] .s.d.r.c.RepositoryConfigurationDelegate : Finished Spring Data repository scanning in 39 ms. Found 7 JPA repository interfaces.
2024-08-12T01:34:27.796+05:30  INFO 4775 --- [11-spring-jpa-bank-application] [restartedMain] o.s.b.w.embedded.tomcat.TomcatWebServer  : Tomcat initialized with port 8080 (http)
2024-08-12T01:34:27.807+05:30  INFO 4775 --- [11-spring-jpa-bank-application] [restartedMain] o.apache.catalina.core.StandardService   : Starting service [Tomcat]
2024-08-12T01:34:27.807+05:30  INFO 4775 --- [11-spring-jpa-bank-application] [restartedMain] o.apache.catalina.core.StandardEngine    : Starting Servlet engine: [Apache Tomcat/10.1.26]
2024-08-12T01:34:27.831+05:30  INFO 4775 --- [11-spring-jpa-bank-application] [restartedMain] o.a.c.c.C.[Tomcat].[localhost].[/]       : Initializing Spring embedded WebApplicationContext
2024-08-12T01:34:27.831+05:30  INFO 4775 --- [11-spring-jpa-bank-application] [restartedMain] w.s.c.ServletWebServerApplicationContext : Root WebApplicationContext: initialization completed in 791 ms
2024-08-12T01:34:27.903+05:30  INFO 4775 --- [11-spring-jpa-bank-application] [restartedMain] o.hibernate.jpa.internal.util.LogHelper  : HHH000204: Processing PersistenceUnitInfo [name: default]
2024-08-12T01:34:27.932+05:30  INFO 4775 --- [11-spring-jpa-bank-application] [restartedMain] org.hibernate.Version                    : HHH000412: Hibernate ORM core version 6.5.2.Final
2024-08-12T01:34:27.949+05:30  INFO 4775 --- [11-spring-jpa-bank-application] [restartedMain] o.h.c.internal.RegionFactoryInitiator    : HHH000026: Second-level cache disabled
2024-08-12T01:34:28.075+05:30  INFO 4775 --- [11-spring-jpa-bank-application] [restartedMain] o.s.o.j.p.SpringPersistenceUnitInfo      : No LoadTimeWeaver setup: ignoring JPA class transformer
2024-08-12T01:34:28.087+05:30  INFO 4775 --- [11-spring-jpa-bank-application] [restartedMain] com.zaxxer.hikari.HikariDataSource       : HikariPool-1 - Starting...
2024-08-12T01:34:28.289+05:30  INFO 4775 --- [11-spring-jpa-bank-application] [restartedMain] com.zaxxer.hikari.pool.HikariPool        : HikariPool-1 - Added connection com.mysql.cj.jdbc.ConnectionImpl@63d68037
2024-08-12T01:34:28.290+05:30  INFO 4775 --- [11-spring-jpa-bank-application] [restartedMain] com.zaxxer.hikari.HikariDataSource       : HikariPool-1 - Start completed.
2024-08-12T01:34:28.825+05:30  INFO 4775 --- [11-spring-jpa-bank-application] [restartedMain] o.h.e.t.j.p.i.JtaPlatformInitiator       : HHH000489: No JTA platform available (set 'hibernate.transaction.jta.platform' to enable JTA platform integration)
2024-08-12T01:34:28.901+05:30  INFO 4775 --- [11-spring-jpa-bank-application] [restartedMain] j.LocalContainerEntityManagerFactoryBean : Initialized JPA EntityManagerFactory for persistence unit 'default'
2024-08-12T01:34:29.081+05:30  INFO 4775 --- [11-spring-jpa-bank-application] [restartedMain] o.s.d.j.r.query.QueryEnhancerFactory     : Hibernate is in classpath; If applicable, HQL parser will be used.
2024-08-12T01:34:29.421+05:30  INFO 4775 --- [11-spring-jpa-bank-application] [restartedMain] r$InitializeUserDetailsManagerConfigurer : Global AuthenticationManager configured with UserDetailsService bean with name customUserDetailsService
2024-08-12T01:34:29.490+05:30  WARN 4775 --- [11-spring-jpa-bank-application] [restartedMain] JpaBaseConfiguration$JpaWebConfiguration : spring.jpa.open-in-view is enabled by default. Therefore, database queries may be performed during view rendering. Explicitly configure spring.jpa.open-in-view to disable this warning
2024-08-12T01:34:30.190+05:30  WARN 4775 --- [11-spring-jpa-bank-application] [restartedMain] o.s.s.c.a.web.builders.WebSecurity       : You are asking Spring Security to ignore Deferred [Mvc [pattern='/swagger-ui/**'], Ant [pattern='/swagger-ui/**']]. This is not recommended -- please use permitAll via HttpSecurity#authorizeHttpRequests instead.
2024-08-12T01:34:30.191+05:30  WARN 4775 --- [11-spring-jpa-bank-application] [restartedMain] o.s.s.c.a.web.builders.WebSecurity       : You are asking Spring Security to ignore Deferred [Mvc [pattern='/v3/api-docs/**'], Ant [pattern='/v3/api-docs/**']]. This is not recommended -- please use permitAll via HttpSecurity#authorizeHttpRequests instead.
2024-08-12T01:34:30.208+05:30  INFO 4775 --- [11-spring-jpa-bank-application] [restartedMain] o.s.b.d.a.OptionalLiveReloadServer       : LiveReload server is running on port 35729
2024-08-12T01:34:30.225+05:30  INFO 4775 --- [11-spring-jpa-bank-application] [restartedMain] o.s.b.w.embedded.tomcat.TomcatWebServer  : Tomcat started on port 8080 (http) with context path '/'
2024-08-12T01:34:30.233+05:30  INFO 4775 --- [11-spring-jpa-bank-application] [restartedMain] com.techlabs.app.Application             : Started Application in 3.434 seconds (process running for 3.735)
2024-08-12T01:36:06.011+05:30  INFO 4775 --- [11-spring-jpa-bank-application] [http-nio-8080-exec-2] o.a.c.c.C.[Tomcat].[localhost].[/]       : Initializing Spring DispatcherServlet 'dispatcherServlet'
2024-08-12T01:36:06.011+05:30  INFO 4775 --- [11-spring-jpa-bank-application] [http-nio-8080-exec-2] o.s.web.servlet.DispatcherServlet        : Initializing Servlet 'dispatcherServlet'
2024-08-12T01:36:06.015+05:30  INFO 4775 --- [11-spring-jpa-bank-application] [http-nio-8080-exec-2] o.s.web.servlet.DispatcherServlet        : Completed initialization in 4 ms
2024-08-12T01:36:06.122+05:30  WARN 4775 --- [11-spring-jpa-bank-application] [http-nio-8080-exec-2] .m.m.a.ExceptionHandlerExceptionResolver : Resolved [org.springframework.web.multipart.support.MissingServletRequestPartException: Required part 'file1' is not present.]
2024-08-12T01:36:32.413+05:30 TRACE 4775 --- [11-spring-jpa-bank-application] [http-nio-8080-exec-3] org.hibernate.orm.jdbc.bind              : binding parameter (1:VARCHAR) <- [vistaar]
2024-08-12T01:36:32.413+05:30 TRACE 4775 --- [11-spring-jpa-bank-application] [http-nio-8080-exec-3] org.hibernate.orm.jdbc.bind              : binding parameter (2:INTEGER) <- [1]
2024-08-12T01:36:32.427+05:30 TRACE 4775 --- [11-spring-jpa-bank-application] [http-nio-8080-exec-3] org.hibernate.orm.jdbc.bind              : binding parameter (1:VARCHAR) <- [vistaar@gmail.com]
2024-08-12T01:36:32.427+05:30 TRACE 4775 --- [11-spring-jpa-bank-application] [http-nio-8080-exec-3] org.hibernate.orm.jdbc.bind              : binding parameter (2:INTEGER) <- [1]
2024-08-12T01:36:32.520+05:30 TRACE 4775 --- [11-spring-jpa-bank-application] [http-nio-8080-exec-3] org.hibernate.orm.jdbc.bind              : binding parameter (1:VARCHAR) <- [ROLE_USER]
2024-08-12T01:36:32.555+05:30 TRACE 4775 --- [11-spring-jpa-bank-application] [http-nio-8080-exec-3] org.hibernate.orm.jdbc.bind              : binding parameter (1:VARCHAR) <- [vistaar@gmail.com]
2024-08-12T01:36:32.555+05:30 TRACE 4775 --- [11-spring-jpa-bank-application] [http-nio-8080-exec-3] org.hibernate.orm.jdbc.bind              : binding parameter (2:VARCHAR) <- [Vistaar]
2024-08-12T01:36:32.555+05:30 TRACE 4775 --- [11-spring-jpa-bank-application] [http-nio-8080-exec-3] org.hibernate.orm.jdbc.bind              : binding parameter (3:VARCHAR) <- [Jain]
2024-08-12T01:36:32.556+05:30 TRACE 4775 --- [11-spring-jpa-bank-application] [http-nio-8080-exec-3] org.hibernate.orm.jdbc.bind              : binding parameter (4:VARCHAR) <- [$2a$10$JpHHPQB2LbOQDb1fCllWwOtFme88ckNwUbYMRAyxyEfqRDCyLRVkK]
2024-08-12T01:36:32.556+05:30 TRACE 4775 --- [11-spring-jpa-bank-application] [http-nio-8080-exec-3] org.hibernate.orm.jdbc.bind              : binding parameter (5:VARCHAR) <- [vistaar]
2024-08-12T01:36:32.596+05:30 TRACE 4775 --- [11-spring-jpa-bank-application] [http-nio-8080-exec-3] org.hibernate.orm.jdbc.bind              : binding parameter (1:BOOLEAN) <- [true]
2024-08-12T01:36:32.596+05:30 TRACE 4775 --- [11-spring-jpa-bank-application] [http-nio-8080-exec-3] org.hibernate.orm.jdbc.bind              : binding parameter (2:DOUBLE) <- [0.0]
2024-08-12T01:36:32.597+05:30 TRACE 4775 --- [11-spring-jpa-bank-application] [http-nio-8080-exec-3] org.hibernate.orm.jdbc.bind              : binding parameter (3:INTEGER) <- [6]
2024-08-12T01:36:32.603+05:30 TRACE 4775 --- [11-spring-jpa-bank-application] [http-nio-8080-exec-3] org.hibernate.orm.jdbc.bind              : binding parameter (1:INTEGER) <- [6]
2024-08-12T01:36:32.603+05:30 TRACE 4775 --- [11-spring-jpa-bank-application] [http-nio-8080-exec-3] org.hibernate.orm.jdbc.bind              : binding parameter (2:INTEGER) <- [2]
2024-08-12T01:37:29.069+05:30 TRACE 4775 --- [11-spring-jpa-bank-application] [http-nio-8080-exec-5] org.hibernate.orm.jdbc.bind              : binding parameter (1:VARCHAR) <- [agrah@gmail.com]
2024-08-12T01:37:29.071+05:30 TRACE 4775 --- [11-spring-jpa-bank-application] [http-nio-8080-exec-5] org.hibernate.orm.jdbc.bind              : binding parameter (2:VARCHAR) <- [agrah@gmail.com]
2024-08-12T01:37:29.084+05:30 TRACE 4775 --- [11-spring-jpa-bank-application] [http-nio-8080-exec-5] org.hibernate.orm.jdbc.bind              : binding parameter (1:INTEGER) <- [1]
2024-08-12T01:37:29.093+05:30 TRACE 4775 --- [11-spring-jpa-bank-application] [http-nio-8080-exec-5] org.hibernate.orm.jdbc.bind              : binding parameter (1:INTEGER) <- [1]
2024-08-12T01:37:29.132+05:30 TRACE 4775 --- [11-spring-jpa-bank-application] [http-nio-8080-exec-5] org.hibernate.orm.jdbc.bind              : binding parameter (1:INTEGER) <- [6]
2024-08-12T01:37:29.138+05:30 TRACE 4775 --- [11-spring-jpa-bank-application] [http-nio-8080-exec-5] org.hibernate.orm.jdbc.bind              : binding parameter (1:VARCHAR) <- [Savings]
2024-08-12T01:37:29.138+05:30 TRACE 4775 --- [11-spring-jpa-bank-application] [http-nio-8080-exec-5] org.hibernate.orm.jdbc.bind              : binding parameter (2:BOOLEAN) <- [true]
2024-08-12T01:37:29.138+05:30 TRACE 4775 --- [11-spring-jpa-bank-application] [http-nio-8080-exec-5] org.hibernate.orm.jdbc.bind              : binding parameter (3:DOUBLE) <- [1000.0]
2024-08-12T01:37:29.138+05:30 TRACE 4775 --- [11-spring-jpa-bank-application] [http-nio-8080-exec-5] org.hibernate.orm.jdbc.bind              : binding parameter (4:INTEGER) <- [6]
2024-08-12T01:37:29.143+05:30 TRACE 4775 --- [11-spring-jpa-bank-application] [http-nio-8080-exec-5] org.hibernate.orm.jdbc.bind              : binding parameter (1:DOUBLE) <- [1000.0]
2024-08-12T01:37:29.144+05:30 TRACE 4775 --- [11-spring-jpa-bank-application] [http-nio-8080-exec-5] org.hibernate.orm.jdbc.bind              : binding parameter (2:INTEGER) <- [7]
2024-08-12T01:37:29.144+05:30 TRACE 4775 --- [11-spring-jpa-bank-application] [http-nio-8080-exec-5] org.hibernate.orm.jdbc.bind              : binding parameter (3:INTEGER) <- [7]
2024-08-12T01:37:29.144+05:30 TRACE 4775 --- [11-spring-jpa-bank-application] [http-nio-8080-exec-5] org.hibernate.orm.jdbc.bind              : binding parameter (4:TIMESTAMP) <- [2024-08-12T01:37:29.142735]
2024-08-12T01:37:29.144+05:30 TRACE 4775 --- [11-spring-jpa-bank-application] [http-nio-8080-exec-5] org.hibernate.orm.jdbc.bind              : binding parameter (5:VARCHAR) <- [credit]
2024-08-12T01:37:29.151+05:30 TRACE 4775 --- [11-spring-jpa-bank-application] [http-nio-8080-exec-5] org.hibernate.orm.jdbc.bind              : binding parameter (1:BOOLEAN) <- [true]
2024-08-12T01:37:29.152+05:30 TRACE 4775 --- [11-spring-jpa-bank-application] [http-nio-8080-exec-5] org.hibernate.orm.jdbc.bind              : binding parameter (2:DOUBLE) <- [1000.0]
2024-08-12T01:37:29.152+05:30 TRACE 4775 --- [11-spring-jpa-bank-application] [http-nio-8080-exec-5] org.hibernate.orm.jdbc.bind              : binding parameter (3:INTEGER) <- [6]
2024-08-12T01:37:34.459+05:30 TRACE 4775 --- [11-spring-jpa-bank-application] [http-nio-8080-exec-5] org.hibernate.orm.jdbc.bind              : binding parameter (1:VARCHAR) <- [Hey! 

Bank Account has been created for 
ID: 6
Username : vistaar
Email: vistaar@gmail.com
Full Name: Vistaar Jain]
2024-08-12T01:37:34.460+05:30 TRACE 4775 --- [11-spring-jpa-bank-application] [http-nio-8080-exec-5] org.hibernate.orm.jdbc.bind              : binding parameter (2:VARCHAR) <- [vistaar@gmail.com]
2024-08-12T01:37:34.461+05:30 TRACE 4775 --- [11-spring-jpa-bank-application] [http-nio-8080-exec-5] org.hibernate.orm.jdbc.bind              : binding parameter (3:VARCHAR) <- [Creation of Customer Bank Account]
2024-08-12T01:37:34.481+05:30 TRACE 4775 --- [11-spring-jpa-bank-application] [http-nio-8080-exec-5] org.hibernate.orm.jdbc.bind              : binding parameter (1:INTEGER) <- [6]
2024-08-12T01:39:06.957+05:30 TRACE 4775 --- [11-spring-jpa-bank-application] [http-nio-8080-exec-8] org.hibernate.orm.jdbc.bind              : binding parameter (1:VARCHAR) <- [agrah@gmail.com]
2024-08-12T01:39:06.958+05:30 TRACE 4775 --- [11-spring-jpa-bank-application] [http-nio-8080-exec-8] org.hibernate.orm.jdbc.bind              : binding parameter (2:VARCHAR) <- [agrah@gmail.com]
2024-08-12T01:39:06.961+05:30 TRACE 4775 --- [11-spring-jpa-bank-application] [http-nio-8080-exec-8] org.hibernate.orm.jdbc.bind              : binding parameter (1:INTEGER) <- [1]
2024-08-12T01:39:06.964+05:30 TRACE 4775 --- [11-spring-jpa-bank-application] [http-nio-8080-exec-8] org.hibernate.orm.jdbc.bind              : binding parameter (1:INTEGER) <- [1]
2024-08-12T01:39:06.984+05:30 TRACE 4775 --- [11-spring-jpa-bank-application] [http-nio-8080-exec-8] org.hibernate.orm.jdbc.bind              : binding parameter (1:INTEGER) <- [2]
2024-08-12T01:39:06.987+05:30 TRACE 4775 --- [11-spring-jpa-bank-application] [http-nio-8080-exec-8] org.hibernate.orm.jdbc.bind              : binding parameter (1:INTEGER) <- [3]
2024-08-12T01:39:06.989+05:30 TRACE 4775 --- [11-spring-jpa-bank-application] [http-nio-8080-exec-8] org.hibernate.orm.jdbc.bind              : binding parameter (1:INTEGER) <- [4]
2024-08-12T01:39:06.992+05:30 TRACE 4775 --- [11-spring-jpa-bank-application] [http-nio-8080-exec-8] org.hibernate.orm.jdbc.bind              : binding parameter (1:INTEGER) <- [5]
2024-08-12T01:39:06.994+05:30 TRACE 4775 --- [11-spring-jpa-bank-application] [http-nio-8080-exec-8] org.hibernate.orm.jdbc.bind              : binding parameter (1:INTEGER) <- [6]
2024-08-12T01:39:07.005+05:30 TRACE 4775 --- [11-spring-jpa-bank-application] [http-nio-8080-exec-8] org.hibernate.orm.jdbc.bind              : binding parameter (1:INTEGER) <- [2]
2024-08-12T01:39:07.009+05:30 TRACE 4775 --- [11-spring-jpa-bank-application] [http-nio-8080-exec-8] org.hibernate.orm.jdbc.bind              : binding parameter (1:INTEGER) <- [1]
2024-08-12T01:39:07.009+05:30 TRACE 4775 --- [11-spring-jpa-bank-application] [http-nio-8080-exec-8] org.hibernate.orm.jdbc.bind              : binding parameter (2:INTEGER) <- [1]
2024-08-12T01:39:07.009+05:30 TRACE 4775 --- [11-spring-jpa-bank-application] [http-nio-8080-exec-8] org.hibernate.orm.jdbc.bind              : binding parameter (3:TIMESTAMP) <- [2023-08-12T01:39:06.968109]
2024-08-12T01:39:07.010+05:30 TRACE 4775 --- [11-spring-jpa-bank-application] [http-nio-8080-exec-8] org.hibernate.orm.jdbc.bind              : binding parameter (4:INTEGER) <- [1]
2024-08-12T01:39:07.013+05:30 TRACE 4775 --- [11-spring-jpa-bank-application] [http-nio-8080-exec-8] org.hibernate.orm.jdbc.bind              : binding parameter (1:INTEGER) <- [3]
2024-08-12T01:39:07.015+05:30 TRACE 4775 --- [11-spring-jpa-bank-application] [http-nio-8080-exec-8] org.hibernate.orm.jdbc.bind              : binding parameter (1:INTEGER) <- [2]
2024-08-12T01:39:07.015+05:30 TRACE 4775 --- [11-spring-jpa-bank-application] [http-nio-8080-exec-8] org.hibernate.orm.jdbc.bind              : binding parameter (2:INTEGER) <- [2]
2024-08-12T01:39:07.015+05:30 TRACE 4775 --- [11-spring-jpa-bank-application] [http-nio-8080-exec-8] org.hibernate.orm.jdbc.bind              : binding parameter (3:TIMESTAMP) <- [2023-08-12T01:39:06.968109]
2024-08-12T01:39:07.015+05:30 TRACE 4775 --- [11-spring-jpa-bank-application] [http-nio-8080-exec-8] org.hibernate.orm.jdbc.bind              : binding parameter (4:INTEGER) <- [1]
2024-08-12T01:39:07.016+05:30 TRACE 4775 --- [11-spring-jpa-bank-application] [http-nio-8080-exec-8] org.hibernate.orm.jdbc.bind              : binding parameter (1:INTEGER) <- [5]
2024-08-12T01:39:07.019+05:30 TRACE 4775 --- [11-spring-jpa-bank-application] [http-nio-8080-exec-8] org.hibernate.orm.jdbc.bind              : binding parameter (1:INTEGER) <- [4]
2024-08-12T01:39:07.019+05:30 TRACE 4775 --- [11-spring-jpa-bank-application] [http-nio-8080-exec-8] org.hibernate.orm.jdbc.bind              : binding parameter (2:INTEGER) <- [4]
2024-08-12T01:39:07.020+05:30 TRACE 4775 --- [11-spring-jpa-bank-application] [http-nio-8080-exec-8] org.hibernate.orm.jdbc.bind              : binding parameter (3:TIMESTAMP) <- [2023-08-12T01:39:06.968109]
2024-08-12T01:39:07.020+05:30 TRACE 4775 --- [11-spring-jpa-bank-application] [http-nio-8080-exec-8] org.hibernate.orm.jdbc.bind              : binding parameter (4:INTEGER) <- [1]
2024-08-12T01:39:07.021+05:30 TRACE 4775 --- [11-spring-jpa-bank-application] [http-nio-8080-exec-8] org.hibernate.orm.jdbc.bind              : binding parameter (1:INTEGER) <- [6]
2024-08-12T01:39:07.023+05:30 TRACE 4775 --- [11-spring-jpa-bank-application] [http-nio-8080-exec-8] org.hibernate.orm.jdbc.bind              : binding parameter (1:INTEGER) <- [7]
2024-08-12T01:39:07.023+05:30 TRACE 4775 --- [11-spring-jpa-bank-application] [http-nio-8080-exec-8] org.hibernate.orm.jdbc.bind              : binding parameter (2:INTEGER) <- [7]
2024-08-12T01:39:07.023+05:30 TRACE 4775 --- [11-spring-jpa-bank-application] [http-nio-8080-exec-8] org.hibernate.orm.jdbc.bind              : binding parameter (3:TIMESTAMP) <- [2023-08-12T01:39:06.968109]
2024-08-12T01:39:07.023+05:30 TRACE 4775 --- [11-spring-jpa-bank-application] [http-nio-8080-exec-8] org.hibernate.orm.jdbc.bind              : binding parameter (4:INTEGER) <- [1]
2024-08-12T01:39:07.029+05:30 TRACE 4775 --- [11-spring-jpa-bank-application] [http-nio-8080-exec-8] org.hibernate.orm.jdbc.bind              : binding parameter (1:BOOLEAN) <- [false]
2024-08-12T01:39:07.029+05:30 TRACE 4775 --- [11-spring-jpa-bank-application] [http-nio-8080-exec-8] org.hibernate.orm.jdbc.bind              : binding parameter (2:DOUBLE) <- [0.0]
2024-08-12T01:39:07.029+05:30 TRACE 4775 --- [11-spring-jpa-bank-application] [http-nio-8080-exec-8] org.hibernate.orm.jdbc.bind              : binding parameter (3:INTEGER) <- [6]
2024-08-12T01:39:07.031+05:30 TRACE 4775 --- [11-spring-jpa-bank-application] [http-nio-8080-exec-8] org.hibernate.orm.jdbc.bind              : binding parameter (1:VARCHAR) <- [Savings]
2024-08-12T01:39:07.031+05:30 TRACE 4775 --- [11-spring-jpa-bank-application] [http-nio-8080-exec-8] org.hibernate.orm.jdbc.bind              : binding parameter (2:BOOLEAN) <- [false]
2024-08-12T01:39:07.031+05:30 TRACE 4775 --- [11-spring-jpa-bank-application] [http-nio-8080-exec-8] org.hibernate.orm.jdbc.bind              : binding parameter (3:DOUBLE) <- [1000.0]
2024-08-12T01:39:07.031+05:30 TRACE 4775 --- [11-spring-jpa-bank-application] [http-nio-8080-exec-8] org.hibernate.orm.jdbc.bind              : binding parameter (4:INTEGER) <- [6]
2024-08-12T01:39:07.031+05:30 TRACE 4775 --- [11-spring-jpa-bank-application] [http-nio-8080-exec-8] org.hibernate.orm.jdbc.bind              : binding parameter (5:INTEGER) <- [7]
2024-08-12T01:39:31.619+05:30 TRACE 4775 --- [11-spring-jpa-bank-application] [http-nio-8080-exec-9] org.hibernate.orm.jdbc.bind              : binding parameter (1:VARCHAR) <- [agrah@gmail.com]
2024-08-12T01:39:31.620+05:30 TRACE 4775 --- [11-spring-jpa-bank-application] [http-nio-8080-exec-9] org.hibernate.orm.jdbc.bind              : binding parameter (2:VARCHAR) <- [agrah@gmail.com]
2024-08-12T01:39:31.622+05:30 TRACE 4775 --- [11-spring-jpa-bank-application] [http-nio-8080-exec-9] org.hibernate.orm.jdbc.bind              : binding parameter (1:INTEGER) <- [1]
2024-08-12T01:39:31.625+05:30 TRACE 4775 --- [11-spring-jpa-bank-application] [http-nio-8080-exec-9] org.hibernate.orm.jdbc.bind              : binding parameter (1:INTEGER) <- [1]
2024-08-12T01:39:31.641+05:30 TRACE 4775 --- [11-spring-jpa-bank-application] [http-nio-8080-exec-9] org.hibernate.orm.jdbc.bind              : binding parameter (1:INTEGER) <- [2]
2024-08-12T01:39:31.643+05:30 TRACE 4775 --- [11-spring-jpa-bank-application] [http-nio-8080-exec-9] org.hibernate.orm.jdbc.bind              : binding parameter (1:INTEGER) <- [3]
2024-08-12T01:39:31.647+05:30 TRACE 4775 --- [11-spring-jpa-bank-application] [http-nio-8080-exec-9] org.hibernate.orm.jdbc.bind              : binding parameter (1:INTEGER) <- [4]
2024-08-12T01:39:31.649+05:30 TRACE 4775 --- [11-spring-jpa-bank-application] [http-nio-8080-exec-9] org.hibernate.orm.jdbc.bind              : binding parameter (1:INTEGER) <- [5]
2024-08-12T01:39:31.651+05:30 TRACE 4775 --- [11-spring-jpa-bank-application] [http-nio-8080-exec-9] org.hibernate.orm.jdbc.bind              : binding parameter (1:INTEGER) <- [6]
2024-08-12T01:39:31.654+05:30 TRACE 4775 --- [11-spring-jpa-bank-application] [http-nio-8080-exec-9] org.hibernate.orm.jdbc.bind              : binding parameter (1:INTEGER) <- [2]
2024-08-12T01:39:31.656+05:30 TRACE 4775 --- [11-spring-jpa-bank-application] [http-nio-8080-exec-9] org.hibernate.orm.jdbc.bind              : binding parameter (1:INTEGER) <- [1]
2024-08-12T01:39:31.656+05:30 TRACE 4775 --- [11-spring-jpa-bank-application] [http-nio-8080-exec-9] org.hibernate.orm.jdbc.bind              : binding parameter (2:INTEGER) <- [1]
2024-08-12T01:39:31.656+05:30 TRACE 4775 --- [11-spring-jpa-bank-application] [http-nio-8080-exec-9] org.hibernate.orm.jdbc.bind              : binding parameter (3:TIMESTAMP) <- [2023-08-12T01:39:31.628619]
2024-08-12T01:39:31.656+05:30 TRACE 4775 --- [11-spring-jpa-bank-application] [http-nio-8080-exec-9] org.hibernate.orm.jdbc.bind              : binding parameter (4:INTEGER) <- [1]
2024-08-12T01:39:31.658+05:30 TRACE 4775 --- [11-spring-jpa-bank-application] [http-nio-8080-exec-9] org.hibernate.orm.jdbc.bind              : binding parameter (1:INTEGER) <- [3]
2024-08-12T01:39:31.658+05:30 TRACE 4775 --- [11-spring-jpa-bank-application] [http-nio-8080-exec-9] org.hibernate.orm.jdbc.bind              : binding parameter (2:INTEGER) <- [3]
2024-08-12T01:39:31.658+05:30 TRACE 4775 --- [11-spring-jpa-bank-application] [http-nio-8080-exec-9] org.hibernate.orm.jdbc.bind              : binding parameter (3:TIMESTAMP) <- [2023-08-12T01:39:31.628619]
2024-08-12T01:39:31.658+05:30 TRACE 4775 --- [11-spring-jpa-bank-application] [http-nio-8080-exec-9] org.hibernate.orm.jdbc.bind              : binding parameter (4:INTEGER) <- [1]
2024-08-12T01:39:31.659+05:30 TRACE 4775 --- [11-spring-jpa-bank-application] [http-nio-8080-exec-9] org.hibernate.orm.jdbc.bind              : binding parameter (1:INTEGER) <- [3]
2024-08-12T01:39:31.661+05:30 TRACE 4775 --- [11-spring-jpa-bank-application] [http-nio-8080-exec-9] org.hibernate.orm.jdbc.bind              : binding parameter (1:INTEGER) <- [2]
2024-08-12T01:39:31.662+05:30 TRACE 4775 --- [11-spring-jpa-bank-application] [http-nio-8080-exec-9] org.hibernate.orm.jdbc.bind              : binding parameter (2:INTEGER) <- [2]
2024-08-12T01:39:31.662+05:30 TRACE 4775 --- [11-spring-jpa-bank-application] [http-nio-8080-exec-9] org.hibernate.orm.jdbc.bind              : binding parameter (3:TIMESTAMP) <- [2023-08-12T01:39:31.628619]
2024-08-12T01:39:31.662+05:30 TRACE 4775 --- [11-spring-jpa-bank-application] [http-nio-8080-exec-9] org.hibernate.orm.jdbc.bind              : binding parameter (4:INTEGER) <- [1]
2024-08-12T01:39:31.663+05:30 TRACE 4775 --- [11-spring-jpa-bank-application] [http-nio-8080-exec-9] org.hibernate.orm.jdbc.bind              : binding parameter (1:INTEGER) <- [5]
2024-08-12T01:39:31.666+05:30 TRACE 4775 --- [11-spring-jpa-bank-application] [http-nio-8080-exec-9] org.hibernate.orm.jdbc.bind              : binding parameter (1:INTEGER) <- [4]
2024-08-12T01:39:31.666+05:30 TRACE 4775 --- [11-spring-jpa-bank-application] [http-nio-8080-exec-9] org.hibernate.orm.jdbc.bind              : binding parameter (2:INTEGER) <- [4]
2024-08-12T01:39:31.666+05:30 TRACE 4775 --- [11-spring-jpa-bank-application] [http-nio-8080-exec-9] org.hibernate.orm.jdbc.bind              : binding parameter (3:TIMESTAMP) <- [2023-08-12T01:39:31.628619]
2024-08-12T01:39:31.666+05:30 TRACE 4775 --- [11-spring-jpa-bank-application] [http-nio-8080-exec-9] org.hibernate.orm.jdbc.bind              : binding parameter (4:INTEGER) <- [1]
2024-08-12T01:39:31.669+05:30 TRACE 4775 --- [11-spring-jpa-bank-application] [http-nio-8080-exec-9] org.hibernate.orm.jdbc.bind              : binding parameter (1:INTEGER) <- [5]
2024-08-12T01:39:31.670+05:30 TRACE 4775 --- [11-spring-jpa-bank-application] [http-nio-8080-exec-9] org.hibernate.orm.jdbc.bind              : binding parameter (2:INTEGER) <- [5]
2024-08-12T01:39:31.670+05:30 TRACE 4775 --- [11-spring-jpa-bank-application] [http-nio-8080-exec-9] org.hibernate.orm.jdbc.bind              : binding parameter (3:TIMESTAMP) <- [2023-08-12T01:39:31.628619]
2024-08-12T01:39:31.670+05:30 TRACE 4775 --- [11-spring-jpa-bank-application] [http-nio-8080-exec-9] org.hibernate.orm.jdbc.bind              : binding parameter (4:INTEGER) <- [1]
2024-08-12T01:39:31.672+05:30 TRACE 4775 --- [11-spring-jpa-bank-application] [http-nio-8080-exec-9] org.hibernate.orm.jdbc.bind              : binding parameter (1:INTEGER) <- [6]
2024-08-12T01:39:31.673+05:30 TRACE 4775 --- [11-spring-jpa-bank-application] [http-nio-8080-exec-9] org.hibernate.orm.jdbc.bind              : binding parameter (2:INTEGER) <- [6]
2024-08-12T01:39:31.673+05:30 TRACE 4775 --- [11-spring-jpa-bank-application] [http-nio-8080-exec-9] org.hibernate.orm.jdbc.bind              : binding parameter (3:TIMESTAMP) <- [2023-08-12T01:39:31.628619]
2024-08-12T01:39:31.673+05:30 TRACE 4775 --- [11-spring-jpa-bank-application] [http-nio-8080-exec-9] org.hibernate.orm.jdbc.bind              : binding parameter (4:INTEGER) <- [1]
2024-08-12T01:39:31.677+05:30 TRACE 4775 --- [11-spring-jpa-bank-application] [http-nio-8080-exec-9] org.hibernate.orm.jdbc.bind              : binding parameter (1:BOOLEAN) <- [true]
2024-08-12T01:39:31.678+05:30 TRACE 4775 --- [11-spring-jpa-bank-application] [http-nio-8080-exec-9] org.hibernate.orm.jdbc.bind              : binding parameter (2:DOUBLE) <- [10800.0]
2024-08-12T01:39:31.678+05:30 TRACE 4775 --- [11-spring-jpa-bank-application] [http-nio-8080-exec-9] org.hibernate.orm.jdbc.bind              : binding parameter (3:INTEGER) <- [5]
2024-08-12T01:39:31.679+05:30 TRACE 4775 --- [11-spring-jpa-bank-application] [http-nio-8080-exec-9] org.hibernate.orm.jdbc.bind              : binding parameter (1:VARCHAR) <- [Savings]
2024-08-12T01:39:31.679+05:30 TRACE 4775 --- [11-spring-jpa-bank-application] [http-nio-8080-exec-9] org.hibernate.orm.jdbc.bind              : binding parameter (2:BOOLEAN) <- [false]
2024-08-12T01:39:31.679+05:30 TRACE 4775 --- [11-spring-jpa-bank-application] [http-nio-8080-exec-9] org.hibernate.orm.jdbc.bind              : binding parameter (3:DOUBLE) <- [1000.0]
2024-08-12T01:39:31.679+05:30 TRACE 4775 --- [11-spring-jpa-bank-application] [http-nio-8080-exec-9] org.hibernate.orm.jdbc.bind              : binding parameter (4:INTEGER) <- [5]
2024-08-12T01:39:31.679+05:30 TRACE 4775 --- [11-spring-jpa-bank-application] [http-nio-8080-exec-9] org.hibernate.orm.jdbc.bind              : binding parameter (5:INTEGER) <- [6]
2024-08-12T01:39:44.823+05:30 TRACE 4775 --- [11-spring-jpa-bank-application] [http-nio-8080-exec-10] org.hibernate.orm.jdbc.bind              : binding parameter (1:VARCHAR) <- [agrah@gmail.com]
2024-08-12T01:39:44.823+05:30 TRACE 4775 --- [11-spring-jpa-bank-application] [http-nio-8080-exec-10] org.hibernate.orm.jdbc.bind              : binding parameter (2:VARCHAR) <- [agrah@gmail.com]
2024-08-12T01:39:44.826+05:30 TRACE 4775 --- [11-spring-jpa-bank-application] [http-nio-8080-exec-10] org.hibernate.orm.jdbc.bind              : binding parameter (1:INTEGER) <- [1]
2024-08-12T01:39:44.829+05:30 TRACE 4775 --- [11-spring-jpa-bank-application] [http-nio-8080-exec-10] org.hibernate.orm.jdbc.bind              : binding parameter (1:INTEGER) <- [1]
2024-08-12T01:39:44.838+05:30 TRACE 4775 --- [11-spring-jpa-bank-application] [http-nio-8080-exec-10] org.hibernate.orm.jdbc.bind              : binding parameter (1:INTEGER) <- [2]
2024-08-12T01:39:44.839+05:30 TRACE 4775 --- [11-spring-jpa-bank-application] [http-nio-8080-exec-10] org.hibernate.orm.jdbc.bind              : binding parameter (1:INTEGER) <- [3]
2024-08-12T01:39:44.841+05:30 TRACE 4775 --- [11-spring-jpa-bank-application] [http-nio-8080-exec-10] org.hibernate.orm.jdbc.bind              : binding parameter (1:INTEGER) <- [4]
2024-08-12T01:39:44.843+05:30 TRACE 4775 --- [11-spring-jpa-bank-application] [http-nio-8080-exec-10] org.hibernate.orm.jdbc.bind              : binding parameter (1:INTEGER) <- [5]
2024-08-12T01:39:44.845+05:30 TRACE 4775 --- [11-spring-jpa-bank-application] [http-nio-8080-exec-10] org.hibernate.orm.jdbc.bind              : binding parameter (1:INTEGER) <- [6]
2024-08-12T01:39:44.848+05:30 TRACE 4775 --- [11-spring-jpa-bank-application] [http-nio-8080-exec-10] org.hibernate.orm.jdbc.bind              : binding parameter (1:INTEGER) <- [2]
2024-08-12T01:39:44.850+05:30 TRACE 4775 --- [11-spring-jpa-bank-application] [http-nio-8080-exec-10] org.hibernate.orm.jdbc.bind              : binding parameter (1:INTEGER) <- [1]
2024-08-12T01:39:44.850+05:30 TRACE 4775 --- [11-spring-jpa-bank-application] [http-nio-8080-exec-10] org.hibernate.orm.jdbc.bind              : binding parameter (2:INTEGER) <- [1]
2024-08-12T01:39:44.850+05:30 TRACE 4775 --- [11-spring-jpa-bank-application] [http-nio-8080-exec-10] org.hibernate.orm.jdbc.bind              : binding parameter (3:TIMESTAMP) <- [2023-08-12T01:39:44.834816]
2024-08-12T01:39:44.850+05:30 TRACE 4775 --- [11-spring-jpa-bank-application] [http-nio-8080-exec-10] org.hibernate.orm.jdbc.bind              : binding parameter (4:INTEGER) <- [1]
2024-08-12T01:39:44.853+05:30 TRACE 4775 --- [11-spring-jpa-bank-application] [http-nio-8080-exec-10] org.hibernate.orm.jdbc.bind              : binding parameter (1:INTEGER) <- [3]
2024-08-12T01:39:44.853+05:30 TRACE 4775 --- [11-spring-jpa-bank-application] [http-nio-8080-exec-10] org.hibernate.orm.jdbc.bind              : binding parameter (2:INTEGER) <- [3]
2024-08-12T01:39:44.853+05:30 TRACE 4775 --- [11-spring-jpa-bank-application] [http-nio-8080-exec-10] org.hibernate.orm.jdbc.bind              : binding parameter (3:TIMESTAMP) <- [2023-08-12T01:39:44.834816]
2024-08-12T01:39:44.853+05:30 TRACE 4775 --- [11-spring-jpa-bank-application] [http-nio-8080-exec-10] org.hibernate.orm.jdbc.bind              : binding parameter (4:INTEGER) <- [1]
2024-08-12T01:39:44.854+05:30 TRACE 4775 --- [11-spring-jpa-bank-application] [http-nio-8080-exec-10] org.hibernate.orm.jdbc.bind              : binding parameter (1:INTEGER) <- [3]
2024-08-12T01:39:44.856+05:30 TRACE 4775 --- [11-spring-jpa-bank-application] [http-nio-8080-exec-10] org.hibernate.orm.jdbc.bind              : binding parameter (1:INTEGER) <- [2]
2024-08-12T01:39:44.856+05:30 TRACE 4775 --- [11-spring-jpa-bank-application] [http-nio-8080-exec-10] org.hibernate.orm.jdbc.bind              : binding parameter (2:INTEGER) <- [2]
2024-08-12T01:39:44.856+05:30 TRACE 4775 --- [11-spring-jpa-bank-application] [http-nio-8080-exec-10] org.hibernate.orm.jdbc.bind              : binding parameter (3:TIMESTAMP) <- [2023-08-12T01:39:44.834816]
2024-08-12T01:39:44.856+05:30 TRACE 4775 --- [11-spring-jpa-bank-application] [http-nio-8080-exec-10] org.hibernate.orm.jdbc.bind              : binding parameter (4:INTEGER) <- [1]
2024-08-12T01:39:44.857+05:30 TRACE 4775 --- [11-spring-jpa-bank-application] [http-nio-8080-exec-10] org.hibernate.orm.jdbc.bind              : binding parameter (1:INTEGER) <- [5]
2024-08-12T01:39:44.859+05:30 TRACE 4775 --- [11-spring-jpa-bank-application] [http-nio-8080-exec-10] org.hibernate.orm.jdbc.bind              : binding parameter (1:INTEGER) <- [4]
2024-08-12T01:39:44.859+05:30 TRACE 4775 --- [11-spring-jpa-bank-application] [http-nio-8080-exec-10] org.hibernate.orm.jdbc.bind              : binding parameter (2:INTEGER) <- [4]
2024-08-12T01:39:44.859+05:30 TRACE 4775 --- [11-spring-jpa-bank-application] [http-nio-8080-exec-10] org.hibernate.orm.jdbc.bind              : binding parameter (3:TIMESTAMP) <- [2023-08-12T01:39:44.834816]
2024-08-12T01:39:44.859+05:30 TRACE 4775 --- [11-spring-jpa-bank-application] [http-nio-8080-exec-10] org.hibernate.orm.jdbc.bind              : binding parameter (4:INTEGER) <- [1]
2024-08-12T01:39:44.862+05:30 TRACE 4775 --- [11-spring-jpa-bank-application] [http-nio-8080-exec-10] org.hibernate.orm.jdbc.bind              : binding parameter (1:INTEGER) <- [5]
2024-08-12T01:39:44.862+05:30 TRACE 4775 --- [11-spring-jpa-bank-application] [http-nio-8080-exec-10] org.hibernate.orm.jdbc.bind              : binding parameter (2:INTEGER) <- [5]
2024-08-12T01:39:44.862+05:30 TRACE 4775 --- [11-spring-jpa-bank-application] [http-nio-8080-exec-10] org.hibernate.orm.jdbc.bind              : binding parameter (3:TIMESTAMP) <- [2023-08-12T01:39:44.834816]
2024-08-12T01:39:44.862+05:30 TRACE 4775 --- [11-spring-jpa-bank-application] [http-nio-8080-exec-10] org.hibernate.orm.jdbc.bind              : binding parameter (4:INTEGER) <- [1]
2024-08-12T01:40:18.759+05:30  INFO 4775 --- [11-spring-jpa-bank-application] [SpringApplicationShutdownHook] j.LocalContainerEntityManagerFactoryBean : Closing JPA EntityManagerFactory for persistence unit 'default'
2024-08-12T01:40:18.762+05:30  INFO 4775 --- [11-spring-jpa-bank-application] [SpringApplicationShutdownHook] com.zaxxer.hikari.HikariDataSource       : HikariPool-1 - Shutdown initiated...
2024-08-12T01:40:18.767+05:30  INFO 4775 --- [11-spring-jpa-bank-application] [SpringApplicationShutdownHook] com.zaxxer.hikari.HikariDataSource       : HikariPool-1 - Shutdown completed.
