2024-08-12T01:29:36.016+05:30  INFO 3217 --- [12-spring-jpa-contact-management] [restartedMain] com.techlabs.app.Application             : Starting Application using Java 21.0.3 with PID 3217 (/Users/abhijain/SpringCore/12-spring-jpa-contact-management/target/classes started by abhijain in /Users/abhijain/SpringCore/12-spring-jpa-contact-management)
2024-08-12T01:29:36.016+05:30  INFO 3217 --- [12-spring-jpa-contact-management] [restartedMain] com.techlabs.app.Application             : No active profile set, falling back to 1 default profile: "default"
2024-08-12T01:29:36.065+05:30  INFO 3217 --- [12-spring-jpa-contact-management] [restartedMain] .s.d.r.c.RepositoryConfigurationDelegate : Bootstrapping Spring Data JPA repositories in DEFAULT mode.
2024-08-12T01:29:36.069+05:30  INFO 3217 --- [12-spring-jpa-contact-management] [restartedMain] .s.d.r.c.RepositoryConfigurationDelegate : Finished Spring Data repository scanning in 3 ms. Found 3 JPA repository interfaces.
2024-08-12T01:29:36.093+05:30  INFO 3217 --- [12-spring-jpa-contact-management] [restartedMain] o.s.b.w.embedded.tomcat.TomcatWebServer  : Tomcat initialized with port 8080 (http)
2024-08-12T01:29:36.093+05:30  INFO 3217 --- [12-spring-jpa-contact-management] [restartedMain] o.apache.catalina.core.StandardService   : Starting service [Tomcat]
2024-08-12T01:29:36.093+05:30  INFO 3217 --- [12-spring-jpa-contact-management] [restartedMain] o.apache.catalina.core.StandardEngine    : Starting Servlet engine: [Apache Tomcat/10.1.26]
2024-08-12T01:29:36.097+05:30  INFO 3217 --- [12-spring-jpa-contact-management] [restartedMain] o.a.c.c.C.[Tomcat].[localhost].[/]       : Initializing Spring embedded WebApplicationContext
2024-08-12T01:29:36.098+05:30  INFO 3217 --- [12-spring-jpa-contact-management] [restartedMain] w.s.c.ServletWebServerApplicationContext : Root WebApplicationContext: initialization completed in 81 ms
2024-08-12T01:29:36.107+05:30  INFO 3217 --- [12-spring-jpa-contact-management] [restartedMain] o.hibernate.jpa.internal.util.LogHelper  : HHH000204: Processing PersistenceUnitInfo [name: default]
2024-08-12T01:29:36.108+05:30  INFO 3217 --- [12-spring-jpa-contact-management] [restartedMain] o.h.c.internal.RegionFactoryInitiator    : HHH000026: Second-level cache disabled
2024-08-12T01:29:36.110+05:30  INFO 3217 --- [12-spring-jpa-contact-management] [restartedMain] o.s.o.j.p.SpringPersistenceUnitInfo      : No LoadTimeWeaver setup: ignoring JPA class transformer
2024-08-12T01:29:36.111+05:30  INFO 3217 --- [12-spring-jpa-contact-management] [restartedMain] com.zaxxer.hikari.HikariDataSource       : HikariPool-29 - Starting...
2024-08-12T01:29:36.119+05:30  INFO 3217 --- [12-spring-jpa-contact-management] [restartedMain] com.zaxxer.hikari.pool.HikariPool        : HikariPool-29 - Added connection com.mysql.cj.jdbc.ConnectionImpl@50851e31
2024-08-12T01:29:36.119+05:30  INFO 3217 --- [12-spring-jpa-contact-management] [restartedMain] com.zaxxer.hikari.HikariDataSource       : HikariPool-29 - Start completed.
2024-08-12T01:29:36.146+05:30  INFO 3217 --- [12-spring-jpa-contact-management] [restartedMain] o.h.e.t.j.p.i.JtaPlatformInitiator       : HHH000489: No JTA platform available (set 'hibernate.transaction.jta.platform' to enable JTA platform integration)
2024-08-12T01:29:36.173+05:30  INFO 3217 --- [12-spring-jpa-contact-management] [restartedMain] j.LocalContainerEntityManagerFactoryBean : Initialized JPA EntityManagerFactory for persistence unit 'default'
2024-08-12T01:29:36.195+05:30  INFO 3217 --- [12-spring-jpa-contact-management] [restartedMain] r$InitializeUserDetailsManagerConfigurer : Global AuthenticationManager configured with UserDetailsService bean with name customUserDetailsService
2024-08-12T01:29:36.211+05:30  WARN 3217 --- [12-spring-jpa-contact-management] [restartedMain] JpaBaseConfiguration$JpaWebConfiguration : spring.jpa.open-in-view is enabled by default. Therefore, database queries may be performed during view rendering. Explicitly configure spring.jpa.open-in-view to disable this warning
2024-08-12T01:29:36.236+05:30  WARN 3217 --- [12-spring-jpa-contact-management] [restartedMain] o.s.s.c.a.web.builders.WebSecurity       : You are asking Spring Security to ignore Deferred [Mvc [pattern='/swagger-ui/**'], Ant [pattern='/swagger-ui/**']]. This is not recommended -- please use permitAll via HttpSecurity#authorizeHttpRequests instead.
2024-08-12T01:29:36.236+05:30  WARN 3217 --- [12-spring-jpa-contact-management] [restartedMain] o.s.s.c.a.web.builders.WebSecurity       : You are asking Spring Security to ignore Deferred [Mvc [pattern='/v3/api-docs/**'], Ant [pattern='/v3/api-docs/**']]. This is not recommended -- please use permitAll via HttpSecurity#authorizeHttpRequests instead.
2024-08-12T01:29:36.239+05:30  INFO 3217 --- [12-spring-jpa-contact-management] [restartedMain] o.s.b.d.a.OptionalLiveReloadServer       : LiveReload server is running on port 35729
2024-08-12T01:29:36.241+05:30  INFO 3217 --- [12-spring-jpa-contact-management] [restartedMain] o.s.b.w.embedded.tomcat.TomcatWebServer  : Tomcat started on port 8080 (http) with context path '/'
2024-08-12T01:29:36.243+05:30  INFO 3217 --- [12-spring-jpa-contact-management] [restartedMain] com.techlabs.app.Application             : Started Application in 0.248 seconds (process running for 5586.7)
2024-08-12T01:29:36.244+05:30  INFO 3217 --- [12-spring-jpa-contact-management] [restartedMain] .ConditionEvaluationDeltaLoggingListener : Condition evaluation unchanged
2024-08-12T01:29:58.591+05:30  INFO 3217 --- [12-spring-jpa-contact-management] [http-nio-8080-exec-1] o.a.c.c.C.[Tomcat].[localhost].[/]       : Initializing Spring DispatcherServlet 'dispatcherServlet'
2024-08-12T01:29:58.595+05:30  INFO 3217 --- [12-spring-jpa-contact-management] [http-nio-8080-exec-1] o.s.web.servlet.DispatcherServlet        : Initializing Servlet 'dispatcherServlet'
2024-08-12T01:29:58.604+05:30  INFO 3217 --- [12-spring-jpa-contact-management] [http-nio-8080-exec-1] o.s.web.servlet.DispatcherServlet        : Completed initialization in 9 ms
2024-08-12T01:29:58.653+05:30  WARN 3217 --- [12-spring-jpa-contact-management] [http-nio-8080-exec-1] .m.m.a.ExceptionHandlerExceptionResolver : Resolved [org.springframework.web.servlet.resource.NoResourceFoundException: No static resource swagger-ui/index.html.]
2024-08-12T01:30:03.814+05:30  WARN 3217 --- [12-spring-jpa-contact-management] [http-nio-8080-exec-4] .m.m.a.ExceptionHandlerExceptionResolver : Resolved [org.springframework.web.servlet.resource.NoResourceFoundException: No static resource swagger-ui/index.html.]
2024-08-12T01:30:06.821+05:30  WARN 3217 --- [12-spring-jpa-contact-management] [http-nio-8080-exec-7] .m.m.a.ExceptionHandlerExceptionResolver : Resolved [org.springframework.web.servlet.resource.NoResourceFoundException: No static resource swagger-ui/index.html.]
2024-08-12T01:31:24.724+05:30  INFO 3217 --- [12-spring-jpa-contact-management] [SpringApplicationShutdownHook] j.LocalContainerEntityManagerFactoryBean : Closing JPA EntityManagerFactory for persistence unit 'default'
2024-08-12T01:31:24.727+05:30  INFO 3217 --- [12-spring-jpa-contact-management] [SpringApplicationShutdownHook] com.zaxxer.hikari.HikariDataSource       : HikariPool-29 - Shutdown initiated...
2024-08-12T01:31:24.733+05:30  INFO 3217 --- [12-spring-jpa-contact-management] [SpringApplicationShutdownHook] com.zaxxer.hikari.HikariDataSource       : HikariPool-29 - Shutdown completed.
2024-08-12T01:32:20.144+05:30  INFO 4674 --- [12-spring-jpa-contact-management] [restartedMain] com.techlabs.app.Application             : Starting Application using Java 21.0.3 with PID 4674 (/Users/abhijain/SpringCore/12-spring-jpa-contact-management/target/classes started by abhijain in /Users/abhijain/SpringCore/12-spring-jpa-contact-management)
2024-08-12T01:32:20.150+05:30  INFO 4674 --- [12-spring-jpa-contact-management] [restartedMain] com.techlabs.app.Application             : No active profile set, falling back to 1 default profile: "default"
2024-08-12T01:32:20.171+05:30  INFO 4674 --- [12-spring-jpa-contact-management] [restartedMain] .e.DevToolsPropertyDefaultsPostProcessor : Devtools property defaults active! Set 'spring.devtools.add-properties' to 'false' to disable
2024-08-12T01:32:20.171+05:30  INFO 4674 --- [12-spring-jpa-contact-management] [restartedMain] .e.DevToolsPropertyDefaultsPostProcessor : For additional web related logging consider setting the 'logging.level.web' property to 'DEBUG'
2024-08-12T01:32:20.529+05:30  INFO 4674 --- [12-spring-jpa-contact-management] [restartedMain] .s.d.r.c.RepositoryConfigurationDelegate : Bootstrapping Spring Data JPA repositories in DEFAULT mode.
2024-08-12T01:32:20.560+05:30  INFO 4674 --- [12-spring-jpa-contact-management] [restartedMain] .s.d.r.c.RepositoryConfigurationDelegate : Finished Spring Data repository scanning in 26 ms. Found 3 JPA repository interfaces.
2024-08-12T01:32:20.849+05:30  INFO 4674 --- [12-spring-jpa-contact-management] [restartedMain] o.s.b.w.embedded.tomcat.TomcatWebServer  : Tomcat initialized with port 8080 (http)
2024-08-12T01:32:20.857+05:30  INFO 4674 --- [12-spring-jpa-contact-management] [restartedMain] o.apache.catalina.core.StandardService   : Starting service [Tomcat]
2024-08-12T01:32:20.857+05:30  INFO 4674 --- [12-spring-jpa-contact-management] [restartedMain] o.apache.catalina.core.StandardEngine    : Starting Servlet engine: [Apache Tomcat/10.1.26]
2024-08-12T01:32:20.879+05:30  INFO 4674 --- [12-spring-jpa-contact-management] [restartedMain] o.a.c.c.C.[Tomcat].[localhost].[/]       : Initializing Spring embedded WebApplicationContext
2024-08-12T01:32:20.879+05:30  INFO 4674 --- [12-spring-jpa-contact-management] [restartedMain] w.s.c.ServletWebServerApplicationContext : Root WebApplicationContext: initialization completed in 708 ms
2024-08-12T01:32:20.951+05:30  INFO 4674 --- [12-spring-jpa-contact-management] [restartedMain] o.hibernate.jpa.internal.util.LogHelper  : HHH000204: Processing PersistenceUnitInfo [name: default]
2024-08-12T01:32:20.974+05:30  INFO 4674 --- [12-spring-jpa-contact-management] [restartedMain] org.hibernate.Version                    : HHH000412: Hibernate ORM core version 6.5.2.Final
2024-08-12T01:32:20.987+05:30  INFO 4674 --- [12-spring-jpa-contact-management] [restartedMain] o.h.c.internal.RegionFactoryInitiator    : HHH000026: Second-level cache disabled
2024-08-12T01:32:21.105+05:30  INFO 4674 --- [12-spring-jpa-contact-management] [restartedMain] o.s.o.j.p.SpringPersistenceUnitInfo      : No LoadTimeWeaver setup: ignoring JPA class transformer
2024-08-12T01:32:21.117+05:30  INFO 4674 --- [12-spring-jpa-contact-management] [restartedMain] com.zaxxer.hikari.HikariDataSource       : HikariPool-1 - Starting...
2024-08-12T01:32:21.314+05:30  INFO 4674 --- [12-spring-jpa-contact-management] [restartedMain] com.zaxxer.hikari.pool.HikariPool        : HikariPool-1 - Added connection com.mysql.cj.jdbc.ConnectionImpl@58c07571
2024-08-12T01:32:21.315+05:30  INFO 4674 --- [12-spring-jpa-contact-management] [restartedMain] com.zaxxer.hikari.HikariDataSource       : HikariPool-1 - Start completed.
2024-08-12T01:32:21.817+05:30  INFO 4674 --- [12-spring-jpa-contact-management] [restartedMain] o.h.e.t.j.p.i.JtaPlatformInitiator       : HHH000489: No JTA platform available (set 'hibernate.transaction.jta.platform' to enable JTA platform integration)
2024-08-12T01:32:21.868+05:30  INFO 4674 --- [12-spring-jpa-contact-management] [restartedMain] j.LocalContainerEntityManagerFactoryBean : Initialized JPA EntityManagerFactory for persistence unit 'default'
2024-08-12T01:32:22.036+05:30  INFO 4674 --- [12-spring-jpa-contact-management] [restartedMain] r$InitializeUserDetailsManagerConfigurer : Global AuthenticationManager configured with UserDetailsService bean with name customUserDetailsService
2024-08-12T01:32:22.111+05:30  WARN 4674 --- [12-spring-jpa-contact-management] [restartedMain] JpaBaseConfiguration$JpaWebConfiguration : spring.jpa.open-in-view is enabled by default. Therefore, database queries may be performed during view rendering. Explicitly configure spring.jpa.open-in-view to disable this warning
2024-08-12T01:32:22.700+05:30  WARN 4674 --- [12-spring-jpa-contact-management] [restartedMain] o.s.s.c.a.web.builders.WebSecurity       : You are asking Spring Security to ignore Deferred [Mvc [pattern='/swagger-ui/**'], Ant [pattern='/swagger-ui/**']]. This is not recommended -- please use permitAll via HttpSecurity#authorizeHttpRequests instead.
2024-08-12T01:32:22.700+05:30  WARN 4674 --- [12-spring-jpa-contact-management] [restartedMain] o.s.s.c.a.web.builders.WebSecurity       : You are asking Spring Security to ignore Deferred [Mvc [pattern='/v3/api-docs/**'], Ant [pattern='/v3/api-docs/**']]. This is not recommended -- please use permitAll via HttpSecurity#authorizeHttpRequests instead.
2024-08-12T01:32:22.721+05:30  INFO 4674 --- [12-spring-jpa-contact-management] [restartedMain] o.s.b.d.a.OptionalLiveReloadServer       : LiveReload server is running on port 35729
2024-08-12T01:32:22.737+05:30  INFO 4674 --- [12-spring-jpa-contact-management] [restartedMain] o.s.b.w.embedded.tomcat.TomcatWebServer  : Tomcat started on port 8080 (http) with context path '/'
2024-08-12T01:32:22.743+05:30  INFO 4674 --- [12-spring-jpa-contact-management] [restartedMain] com.techlabs.app.Application             : Started Application in 2.793 seconds (process running for 3.052)
2024-08-12T01:32:25.097+05:30  INFO 4674 --- [12-spring-jpa-contact-management] [http-nio-8080-exec-1] o.a.c.c.C.[Tomcat].[localhost].[/]       : Initializing Spring DispatcherServlet 'dispatcherServlet'
2024-08-12T01:32:25.097+05:30  INFO 4674 --- [12-spring-jpa-contact-management] [http-nio-8080-exec-1] o.s.web.servlet.DispatcherServlet        : Initializing Servlet 'dispatcherServlet'
2024-08-12T01:32:25.099+05:30  INFO 4674 --- [12-spring-jpa-contact-management] [http-nio-8080-exec-1] o.s.web.servlet.DispatcherServlet        : Completed initialization in 2 ms
2024-08-12T01:32:25.702+05:30  INFO 4674 --- [12-spring-jpa-contact-management] [http-nio-8080-exec-4] o.springdoc.api.AbstractOpenApiResource  : Init duration for springdoc-openapi is: 200 ms
2024-08-12T01:32:55.373+05:30  INFO 4674 --- [12-spring-jpa-contact-management] [SpringApplicationShutdownHook] j.LocalContainerEntityManagerFactoryBean : Closing JPA EntityManagerFactory for persistence unit 'default'
2024-08-12T01:32:55.378+05:30  INFO 4674 --- [12-spring-jpa-contact-management] [SpringApplicationShutdownHook] com.zaxxer.hikari.HikariDataSource       : HikariPool-1 - Shutdown initiated...
2024-08-12T01:32:55.384+05:30  INFO 4674 --- [12-spring-jpa-contact-management] [SpringApplicationShutdownHook] com.zaxxer.hikari.HikariDataSource       : HikariPool-1 - Shutdown completed.
