2024-08-07T23:38:34.464+05:30  INFO 52408 --- [09-spring-jpa-blog-comment] [restartedMain] com.techlabs.app.Application             : Starting Application using Java 21.0.3 with PID 52408 (/Users/abhijain/SpringCore/09-spring-jpa-blog-comment/target/classes started by abhijain in /Users/abhijain/SpringCore/09-spring-jpa-blog-comment)
2024-08-07T23:38:34.464+05:30  INFO 52408 --- [09-spring-jpa-blog-comment] [restartedMain] com.techlabs.app.Application             : No active profile set, falling back to 1 default profile: "default"
2024-08-07T23:38:34.560+05:30  INFO 52408 --- [09-spring-jpa-blog-comment] [restartedMain] .s.d.r.c.RepositoryConfigurationDelegate : Bootstrapping Spring Data JPA repositories in DEFAULT mode.
2024-08-07T23:38:34.568+05:30  INFO 52408 --- [09-spring-jpa-blog-comment] [restartedMain] .s.d.r.c.RepositoryConfigurationDelegate : Finished Spring Data repository scanning in 7 ms. Found 4 JPA repository interfaces.
2024-08-07T23:38:34.623+05:30  INFO 52408 --- [09-spring-jpa-blog-comment] [restartedMain] o.s.b.w.embedded.tomcat.TomcatWebServer  : Tomcat initialized with port 8080 (http)
2024-08-07T23:38:34.623+05:30  INFO 52408 --- [09-spring-jpa-blog-comment] [restartedMain] o.apache.catalina.core.StandardService   : Starting service [Tomcat]
2024-08-07T23:38:34.623+05:30  INFO 52408 --- [09-spring-jpa-blog-comment] [restartedMain] o.apache.catalina.core.StandardEngine    : Starting Servlet engine: [Apache Tomcat/10.1.26]
2024-08-07T23:38:34.629+05:30  INFO 52408 --- [09-spring-jpa-blog-comment] [restartedMain] o.a.c.c.C.[Tomcat].[localhost].[/]       : Initializing Spring embedded WebApplicationContext
2024-08-07T23:38:34.629+05:30  INFO 52408 --- [09-spring-jpa-blog-comment] [restartedMain] w.s.c.ServletWebServerApplicationContext : Root WebApplicationContext: initialization completed in 164 ms
2024-08-07T23:38:34.643+05:30  INFO 52408 --- [09-spring-jpa-blog-comment] [restartedMain] o.hibernate.jpa.internal.util.LogHelper  : HHH000204: Processing PersistenceUnitInfo [name: default]
2024-08-07T23:38:34.644+05:30  INFO 52408 --- [09-spring-jpa-blog-comment] [restartedMain] o.h.c.internal.RegionFactoryInitiator    : HHH000026: Second-level cache disabled
2024-08-07T23:38:34.648+05:30  INFO 52408 --- [09-spring-jpa-blog-comment] [restartedMain] o.s.o.j.p.SpringPersistenceUnitInfo      : No LoadTimeWeaver setup: ignoring JPA class transformer
2024-08-07T23:38:34.649+05:30  INFO 52408 --- [09-spring-jpa-blog-comment] [restartedMain] com.zaxxer.hikari.HikariDataSource       : HikariPool-3 - Starting...
2024-08-07T23:38:34.695+05:30  INFO 52408 --- [09-spring-jpa-blog-comment] [restartedMain] com.zaxxer.hikari.pool.HikariPool        : HikariPool-3 - Added connection com.mysql.cj.jdbc.ConnectionImpl@7215fa14
2024-08-07T23:38:34.695+05:30  INFO 52408 --- [09-spring-jpa-blog-comment] [restartedMain] com.zaxxer.hikari.HikariDataSource       : HikariPool-3 - Start completed.
2024-08-07T23:38:34.749+05:30  INFO 52408 --- [09-spring-jpa-blog-comment] [restartedMain] o.h.e.t.j.p.i.JtaPlatformInitiator       : HHH000489: No JTA platform available (set 'hibernate.transaction.jta.platform' to enable JTA platform integration)
2024-08-07T23:38:34.799+05:30  INFO 52408 --- [09-spring-jpa-blog-comment] [restartedMain] j.LocalContainerEntityManagerFactoryBean : Initialized JPA EntityManagerFactory for persistence unit 'default'
2024-08-07T23:38:34.829+05:30  INFO 52408 --- [09-spring-jpa-blog-comment] [restartedMain] r$InitializeUserDetailsManagerConfigurer : Global AuthenticationManager configured with UserDetailsService bean with name customUserDetailsService
2024-08-07T23:38:34.854+05:30  WARN 52408 --- [09-spring-jpa-blog-comment] [restartedMain] JpaBaseConfiguration$JpaWebConfiguration : spring.jpa.open-in-view is enabled by default. Therefore, database queries may be performed during view rendering. Explicitly configure spring.jpa.open-in-view to disable this warning
2024-08-07T23:38:35.029+05:30  INFO 52408 --- [09-spring-jpa-blog-comment] [restartedMain] o.s.b.d.a.OptionalLiveReloadServer       : LiveReload server is running on port 35729
2024-08-07T23:38:35.033+05:30  INFO 52408 --- [09-spring-jpa-blog-comment] [restartedMain] o.s.b.w.embedded.tomcat.TomcatWebServer  : Tomcat started on port 8080 (http) with context path '/'
2024-08-07T23:38:35.035+05:30  INFO 52408 --- [09-spring-jpa-blog-comment] [restartedMain] com.techlabs.app.Application             : Started Application in 0.589 seconds (process running for 308.851)
2024-08-07T23:38:35.036+05:30  INFO 52408 --- [09-spring-jpa-blog-comment] [restartedMain] .ConditionEvaluationDeltaLoggingListener : Condition evaluation unchanged
2024-08-07T23:44:57.718+05:30  INFO 52408 --- [09-spring-jpa-blog-comment] [SpringApplicationShutdownHook] j.LocalContainerEntityManagerFactoryBean : Closing JPA EntityManagerFactory for persistence unit 'default'
2024-08-07T23:44:57.723+05:30  INFO 52408 --- [09-spring-jpa-blog-comment] [SpringApplicationShutdownHook] com.zaxxer.hikari.HikariDataSource       : HikariPool-3 - Shutdown initiated...
2024-08-07T23:44:57.729+05:30  INFO 52408 --- [09-spring-jpa-blog-comment] [SpringApplicationShutdownHook] com.zaxxer.hikari.HikariDataSource       : HikariPool-3 - Shutdown completed.
2024-08-07T23:45:15.812+05:30  INFO 52877 --- [09-spring-jpa-blog-comment] [restartedMain] com.techlabs.app.Application             : Starting Application using Java 21.0.3 with PID 52877 (/Users/abhijain/SpringCore/09-spring-jpa-blog-comment/target/classes started by abhijain in /Users/abhijain/SpringCore/09-spring-jpa-blog-comment)
2024-08-07T23:45:15.813+05:30  INFO 52877 --- [09-spring-jpa-blog-comment] [restartedMain] com.techlabs.app.Application             : No active profile set, falling back to 1 default profile: "default"
2024-08-07T23:45:15.840+05:30  INFO 52877 --- [09-spring-jpa-blog-comment] [restartedMain] .e.DevToolsPropertyDefaultsPostProcessor : Devtools property defaults active! Set 'spring.devtools.add-properties' to 'false' to disable
2024-08-07T23:45:15.840+05:30  INFO 52877 --- [09-spring-jpa-blog-comment] [restartedMain] .e.DevToolsPropertyDefaultsPostProcessor : For additional web related logging consider setting the 'logging.level.web' property to 'DEBUG'
2024-08-07T23:45:16.249+05:30  INFO 52877 --- [09-spring-jpa-blog-comment] [restartedMain] .s.d.r.c.RepositoryConfigurationDelegate : Bootstrapping Spring Data JPA repositories in DEFAULT mode.
2024-08-07T23:45:16.282+05:30  INFO 52877 --- [09-spring-jpa-blog-comment] [restartedMain] .s.d.r.c.RepositoryConfigurationDelegate : Finished Spring Data repository scanning in 28 ms. Found 4 JPA repository interfaces.
2024-08-07T23:45:16.588+05:30  INFO 52877 --- [09-spring-jpa-blog-comment] [restartedMain] o.s.b.w.embedded.tomcat.TomcatWebServer  : Tomcat initialized with port 8080 (http)
2024-08-07T23:45:16.596+05:30  INFO 52877 --- [09-spring-jpa-blog-comment] [restartedMain] o.apache.catalina.core.StandardService   : Starting service [Tomcat]
2024-08-07T23:45:16.596+05:30  INFO 52877 --- [09-spring-jpa-blog-comment] [restartedMain] o.apache.catalina.core.StandardEngine    : Starting Servlet engine: [Apache Tomcat/10.1.26]
2024-08-07T23:45:16.618+05:30  INFO 52877 --- [09-spring-jpa-blog-comment] [restartedMain] o.a.c.c.C.[Tomcat].[localhost].[/]       : Initializing Spring embedded WebApplicationContext
2024-08-07T23:45:16.619+05:30  INFO 52877 --- [09-spring-jpa-blog-comment] [restartedMain] w.s.c.ServletWebServerApplicationContext : Root WebApplicationContext: initialization completed in 779 ms
2024-08-07T23:45:16.689+05:30  INFO 52877 --- [09-spring-jpa-blog-comment] [restartedMain] o.hibernate.jpa.internal.util.LogHelper  : HHH000204: Processing PersistenceUnitInfo [name: default]
2024-08-07T23:45:16.721+05:30  INFO 52877 --- [09-spring-jpa-blog-comment] [restartedMain] org.hibernate.Version                    : HHH000412: Hibernate ORM core version 6.5.2.Final
2024-08-07T23:45:16.737+05:30  INFO 52877 --- [09-spring-jpa-blog-comment] [restartedMain] o.h.c.internal.RegionFactoryInitiator    : HHH000026: Second-level cache disabled
2024-08-07T23:45:16.866+05:30  INFO 52877 --- [09-spring-jpa-blog-comment] [restartedMain] o.s.o.j.p.SpringPersistenceUnitInfo      : No LoadTimeWeaver setup: ignoring JPA class transformer
2024-08-07T23:45:16.879+05:30  INFO 52877 --- [09-spring-jpa-blog-comment] [restartedMain] com.zaxxer.hikari.HikariDataSource       : HikariPool-1 - Starting...
2024-08-07T23:45:17.108+05:30  INFO 52877 --- [09-spring-jpa-blog-comment] [restartedMain] com.zaxxer.hikari.pool.HikariPool        : HikariPool-1 - Added connection com.mysql.cj.jdbc.ConnectionImpl@748a42cc
2024-08-07T23:45:17.109+05:30  INFO 52877 --- [09-spring-jpa-blog-comment] [restartedMain] com.zaxxer.hikari.HikariDataSource       : HikariPool-1 - Start completed.
2024-08-07T23:45:17.603+05:30  INFO 52877 --- [09-spring-jpa-blog-comment] [restartedMain] o.h.e.t.j.p.i.JtaPlatformInitiator       : HHH000489: No JTA platform available (set 'hibernate.transaction.jta.platform' to enable JTA platform integration)
2024-08-07T23:45:17.667+05:30  INFO 52877 --- [09-spring-jpa-blog-comment] [restartedMain] j.LocalContainerEntityManagerFactoryBean : Initialized JPA EntityManagerFactory for persistence unit 'default'
2024-08-07T23:45:17.846+05:30  INFO 52877 --- [09-spring-jpa-blog-comment] [restartedMain] r$InitializeUserDetailsManagerConfigurer : Global AuthenticationManager configured with UserDetailsService bean with name customUserDetailsService
2024-08-07T23:45:17.931+05:30  WARN 52877 --- [09-spring-jpa-blog-comment] [restartedMain] JpaBaseConfiguration$JpaWebConfiguration : spring.jpa.open-in-view is enabled by default. Therefore, database queries may be performed during view rendering. Explicitly configure spring.jpa.open-in-view to disable this warning
2024-08-07T23:45:18.685+05:30  INFO 52877 --- [09-spring-jpa-blog-comment] [restartedMain] o.s.b.d.a.OptionalLiveReloadServer       : LiveReload server is running on port 35729
2024-08-07T23:45:18.700+05:30  INFO 52877 --- [09-spring-jpa-blog-comment] [restartedMain] o.s.b.w.embedded.tomcat.TomcatWebServer  : Tomcat started on port 8080 (http) with context path '/'
2024-08-07T23:45:18.707+05:30  INFO 52877 --- [09-spring-jpa-blog-comment] [restartedMain] com.techlabs.app.Application             : Started Application in 3.109 seconds (process running for 3.439)
2024-08-07T23:47:21.841+05:30  INFO 52877 --- [09-spring-jpa-blog-comment] [SpringApplicationShutdownHook] j.LocalContainerEntityManagerFactoryBean : Closing JPA EntityManagerFactory for persistence unit 'default'
2024-08-07T23:47:21.846+05:30  INFO 52877 --- [09-spring-jpa-blog-comment] [SpringApplicationShutdownHook] com.zaxxer.hikari.HikariDataSource       : HikariPool-1 - Shutdown initiated...
2024-08-07T23:47:21.852+05:30  INFO 52877 --- [09-spring-jpa-blog-comment] [SpringApplicationShutdownHook] com.zaxxer.hikari.HikariDataSource       : HikariPool-1 - Shutdown completed.
2024-08-07T23:47:27.899+05:30  INFO 52936 --- [09-spring-jpa-blog-comment] [restartedMain] com.techlabs.app.Application             : Starting Application using Java 21.0.3 with PID 52936 (/Users/abhijain/SpringCore/09-spring-jpa-blog-comment/target/classes started by abhijain in /Users/abhijain/SpringCore/09-spring-jpa-blog-comment)
2024-08-07T23:47:27.900+05:30  INFO 52936 --- [09-spring-jpa-blog-comment] [restartedMain] com.techlabs.app.Application             : No active profile set, falling back to 1 default profile: "default"
2024-08-07T23:47:27.926+05:30  INFO 52936 --- [09-spring-jpa-blog-comment] [restartedMain] .e.DevToolsPropertyDefaultsPostProcessor : Devtools property defaults active! Set 'spring.devtools.add-properties' to 'false' to disable
2024-08-07T23:47:27.927+05:30  INFO 52936 --- [09-spring-jpa-blog-comment] [restartedMain] .e.DevToolsPropertyDefaultsPostProcessor : For additional web related logging consider setting the 'logging.level.web' property to 'DEBUG'
2024-08-07T23:47:28.288+05:30  INFO 52936 --- [09-spring-jpa-blog-comment] [restartedMain] .s.d.r.c.RepositoryConfigurationDelegate : Bootstrapping Spring Data JPA repositories in DEFAULT mode.
2024-08-07T23:47:28.319+05:30  INFO 52936 --- [09-spring-jpa-blog-comment] [restartedMain] .s.d.r.c.RepositoryConfigurationDelegate : Finished Spring Data repository scanning in 26 ms. Found 4 JPA repository interfaces.
2024-08-07T23:47:28.608+05:30  INFO 52936 --- [09-spring-jpa-blog-comment] [restartedMain] o.s.b.w.embedded.tomcat.TomcatWebServer  : Tomcat initialized with port 8080 (http)
2024-08-07T23:47:28.615+05:30  INFO 52936 --- [09-spring-jpa-blog-comment] [restartedMain] o.apache.catalina.core.StandardService   : Starting service [Tomcat]
2024-08-07T23:47:28.615+05:30  INFO 52936 --- [09-spring-jpa-blog-comment] [restartedMain] o.apache.catalina.core.StandardEngine    : Starting Servlet engine: [Apache Tomcat/10.1.26]
2024-08-07T23:47:28.638+05:30  INFO 52936 --- [09-spring-jpa-blog-comment] [restartedMain] o.a.c.c.C.[Tomcat].[localhost].[/]       : Initializing Spring embedded WebApplicationContext
2024-08-07T23:47:28.638+05:30  INFO 52936 --- [09-spring-jpa-blog-comment] [restartedMain] w.s.c.ServletWebServerApplicationContext : Root WebApplicationContext: initialization completed in 711 ms
2024-08-07T23:47:28.704+05:30  INFO 52936 --- [09-spring-jpa-blog-comment] [restartedMain] o.hibernate.jpa.internal.util.LogHelper  : HHH000204: Processing PersistenceUnitInfo [name: default]
2024-08-07T23:47:28.731+05:30  INFO 52936 --- [09-spring-jpa-blog-comment] [restartedMain] org.hibernate.Version                    : HHH000412: Hibernate ORM core version 6.5.2.Final
2024-08-07T23:47:28.746+05:30  INFO 52936 --- [09-spring-jpa-blog-comment] [restartedMain] o.h.c.internal.RegionFactoryInitiator    : HHH000026: Second-level cache disabled
2024-08-07T23:47:28.864+05:30  INFO 52936 --- [09-spring-jpa-blog-comment] [restartedMain] o.s.o.j.p.SpringPersistenceUnitInfo      : No LoadTimeWeaver setup: ignoring JPA class transformer
2024-08-07T23:47:28.876+05:30  INFO 52936 --- [09-spring-jpa-blog-comment] [restartedMain] com.zaxxer.hikari.HikariDataSource       : HikariPool-1 - Starting...
2024-08-07T23:47:29.080+05:30  INFO 52936 --- [09-spring-jpa-blog-comment] [restartedMain] com.zaxxer.hikari.pool.HikariPool        : HikariPool-1 - Added connection com.mysql.cj.jdbc.ConnectionImpl@748a42cc
2024-08-07T23:47:29.081+05:30  INFO 52936 --- [09-spring-jpa-blog-comment] [restartedMain] com.zaxxer.hikari.HikariDataSource       : HikariPool-1 - Start completed.
2024-08-07T23:47:29.551+05:30  INFO 52936 --- [09-spring-jpa-blog-comment] [restartedMain] o.h.e.t.j.p.i.JtaPlatformInitiator       : HHH000489: No JTA platform available (set 'hibernate.transaction.jta.platform' to enable JTA platform integration)
2024-08-07T23:47:29.612+05:30  INFO 52936 --- [09-spring-jpa-blog-comment] [restartedMain] j.LocalContainerEntityManagerFactoryBean : Initialized JPA EntityManagerFactory for persistence unit 'default'
2024-08-07T23:47:29.776+05:30  INFO 52936 --- [09-spring-jpa-blog-comment] [restartedMain] r$InitializeUserDetailsManagerConfigurer : Global AuthenticationManager configured with UserDetailsService bean with name customUserDetailsService
2024-08-07T23:47:29.847+05:30  WARN 52936 --- [09-spring-jpa-blog-comment] [restartedMain] JpaBaseConfiguration$JpaWebConfiguration : spring.jpa.open-in-view is enabled by default. Therefore, database queries may be performed during view rendering. Explicitly configure spring.jpa.open-in-view to disable this warning
2024-08-07T23:47:30.468+05:30  INFO 52936 --- [09-spring-jpa-blog-comment] [restartedMain] o.s.b.d.a.OptionalLiveReloadServer       : LiveReload server is running on port 35729
2024-08-07T23:47:30.483+05:30  INFO 52936 --- [09-spring-jpa-blog-comment] [restartedMain] o.s.b.w.embedded.tomcat.TomcatWebServer  : Tomcat started on port 8080 (http) with context path '/'
2024-08-07T23:47:30.490+05:30  INFO 52936 --- [09-spring-jpa-blog-comment] [restartedMain] com.techlabs.app.Application             : Started Application in 2.786 seconds (process running for 3.06)
2024-08-07T23:49:04.049+05:30  INFO 52936 --- [09-spring-jpa-blog-comment] [SpringApplicationShutdownHook] j.LocalContainerEntityManagerFactoryBean : Closing JPA EntityManagerFactory for persistence unit 'default'
2024-08-07T23:49:04.054+05:30  INFO 52936 --- [09-spring-jpa-blog-comment] [SpringApplicationShutdownHook] com.zaxxer.hikari.HikariDataSource       : HikariPool-1 - Shutdown initiated...
2024-08-07T23:49:04.068+05:30  INFO 52936 --- [09-spring-jpa-blog-comment] [SpringApplicationShutdownHook] com.zaxxer.hikari.HikariDataSource       : HikariPool-1 - Shutdown completed.
2024-08-07T23:49:09.830+05:30  INFO 52979 --- [09-spring-jpa-blog-comment] [restartedMain] com.techlabs.app.Application             : Starting Application using Java 21.0.3 with PID 52979 (/Users/abhijain/SpringCore/09-spring-jpa-blog-comment/target/classes started by abhijain in /Users/abhijain/SpringCore/09-spring-jpa-blog-comment)
2024-08-07T23:49:09.836+05:30  INFO 52979 --- [09-spring-jpa-blog-comment] [restartedMain] com.techlabs.app.Application             : No active profile set, falling back to 1 default profile: "default"
2024-08-07T23:49:09.857+05:30  INFO 52979 --- [09-spring-jpa-blog-comment] [restartedMain] .e.DevToolsPropertyDefaultsPostProcessor : Devtools property defaults active! Set 'spring.devtools.add-properties' to 'false' to disable
2024-08-07T23:49:09.857+05:30  INFO 52979 --- [09-spring-jpa-blog-comment] [restartedMain] .e.DevToolsPropertyDefaultsPostProcessor : For additional web related logging consider setting the 'logging.level.web' property to 'DEBUG'
2024-08-07T23:49:10.227+05:30  INFO 52979 --- [09-spring-jpa-blog-comment] [restartedMain] .s.d.r.c.RepositoryConfigurationDelegate : Bootstrapping Spring Data JPA repositories in DEFAULT mode.
2024-08-07T23:49:10.261+05:30  INFO 52979 --- [09-spring-jpa-blog-comment] [restartedMain] .s.d.r.c.RepositoryConfigurationDelegate : Finished Spring Data repository scanning in 30 ms. Found 4 JPA repository interfaces.
2024-08-07T23:49:10.574+05:30  INFO 52979 --- [09-spring-jpa-blog-comment] [restartedMain] o.s.b.w.embedded.tomcat.TomcatWebServer  : Tomcat initialized with port 8080 (http)
2024-08-07T23:49:10.584+05:30  INFO 52979 --- [09-spring-jpa-blog-comment] [restartedMain] o.apache.catalina.core.StandardService   : Starting service [Tomcat]
2024-08-07T23:49:10.584+05:30  INFO 52979 --- [09-spring-jpa-blog-comment] [restartedMain] o.apache.catalina.core.StandardEngine    : Starting Servlet engine: [Apache Tomcat/10.1.26]
2024-08-07T23:49:10.616+05:30  INFO 52979 --- [09-spring-jpa-blog-comment] [restartedMain] o.a.c.c.C.[Tomcat].[localhost].[/]       : Initializing Spring embedded WebApplicationContext
2024-08-07T23:49:10.616+05:30  INFO 52979 --- [09-spring-jpa-blog-comment] [restartedMain] w.s.c.ServletWebServerApplicationContext : Root WebApplicationContext: initialization completed in 759 ms
2024-08-07T23:49:10.691+05:30  INFO 52979 --- [09-spring-jpa-blog-comment] [restartedMain] o.hibernate.jpa.internal.util.LogHelper  : HHH000204: Processing PersistenceUnitInfo [name: default]
2024-08-07T23:49:10.715+05:30  INFO 52979 --- [09-spring-jpa-blog-comment] [restartedMain] org.hibernate.Version                    : HHH000412: Hibernate ORM core version 6.5.2.Final
2024-08-07T23:49:10.729+05:30  INFO 52979 --- [09-spring-jpa-blog-comment] [restartedMain] o.h.c.internal.RegionFactoryInitiator    : HHH000026: Second-level cache disabled
2024-08-07T23:49:10.854+05:30  INFO 52979 --- [09-spring-jpa-blog-comment] [restartedMain] o.s.o.j.p.SpringPersistenceUnitInfo      : No LoadTimeWeaver setup: ignoring JPA class transformer
2024-08-07T23:49:10.865+05:30  INFO 52979 --- [09-spring-jpa-blog-comment] [restartedMain] com.zaxxer.hikari.HikariDataSource       : HikariPool-1 - Starting...
2024-08-07T23:49:11.066+05:30  INFO 52979 --- [09-spring-jpa-blog-comment] [restartedMain] com.zaxxer.hikari.pool.HikariPool        : HikariPool-1 - Added connection com.mysql.cj.jdbc.ConnectionImpl@994e4b
2024-08-07T23:49:11.067+05:30  INFO 52979 --- [09-spring-jpa-blog-comment] [restartedMain] com.zaxxer.hikari.HikariDataSource       : HikariPool-1 - Start completed.
2024-08-07T23:49:11.532+05:30  INFO 52979 --- [09-spring-jpa-blog-comment] [restartedMain] o.h.e.t.j.p.i.JtaPlatformInitiator       : HHH000489: No JTA platform available (set 'hibernate.transaction.jta.platform' to enable JTA platform integration)
2024-08-07T23:49:11.592+05:30  INFO 52979 --- [09-spring-jpa-blog-comment] [restartedMain] j.LocalContainerEntityManagerFactoryBean : Initialized JPA EntityManagerFactory for persistence unit 'default'
2024-08-07T23:49:11.759+05:30  INFO 52979 --- [09-spring-jpa-blog-comment] [restartedMain] r$InitializeUserDetailsManagerConfigurer : Global AuthenticationManager configured with UserDetailsService bean with name customUserDetailsService
2024-08-07T23:49:11.839+05:30  WARN 52979 --- [09-spring-jpa-blog-comment] [restartedMain] JpaBaseConfiguration$JpaWebConfiguration : spring.jpa.open-in-view is enabled by default. Therefore, database queries may be performed during view rendering. Explicitly configure spring.jpa.open-in-view to disable this warning
2024-08-07T23:49:12.460+05:30  INFO 52979 --- [09-spring-jpa-blog-comment] [restartedMain] o.s.b.d.a.OptionalLiveReloadServer       : LiveReload server is running on port 35729
2024-08-07T23:49:12.479+05:30  INFO 52979 --- [09-spring-jpa-blog-comment] [restartedMain] o.s.b.w.embedded.tomcat.TomcatWebServer  : Tomcat started on port 8080 (http) with context path '/'
2024-08-07T23:49:12.486+05:30  INFO 52979 --- [09-spring-jpa-blog-comment] [restartedMain] com.techlabs.app.Application             : Started Application in 2.853 seconds (process running for 3.127)
2024-08-07T23:50:55.264+05:30  INFO 52979 --- [09-spring-jpa-blog-comment] [SpringApplicationShutdownHook] j.LocalContainerEntityManagerFactoryBean : Closing JPA EntityManagerFactory for persistence unit 'default'
2024-08-07T23:50:55.276+05:30  INFO 52979 --- [09-spring-jpa-blog-comment] [SpringApplicationShutdownHook] com.zaxxer.hikari.HikariDataSource       : HikariPool-1 - Shutdown initiated...
2024-08-07T23:50:55.294+05:30  INFO 52979 --- [09-spring-jpa-blog-comment] [SpringApplicationShutdownHook] com.zaxxer.hikari.HikariDataSource       : HikariPool-1 - Shutdown completed.
